#
# There is insufficient memory for the Java Runtime Environment to continue.
# Native memory allocation (mmap) failed to map 134217728 bytes for Failed to commit area from 0x0000000081a00000 to 0x0000000089a00000 of length 134217728.
# Possible reasons:
#   The system is out of physical RAM or swap space
#   The process is running with CompressedOops enabled, and the Java Heap may be blocking the growth of the native heap
# Possible solutions:
#   Reduce memory load on the system
#   Increase physical memory or swap space
#   Check if swap backing store is full
#   Decrease Java heap size (-Xmx/-Xms)
#   Decrease number of Java threads
#   Decrease Java thread stack sizes (-Xss)
#   Set larger code cache with -XX:ReservedCodeCacheSize=
# This output file may be truncated or incomplete.
#
#  Out of Memory Error (./src/hotspot/os/windows/os_windows.cpp:3301), pid=10524, tid=7292
#
# JRE version:  (11.0.11+9) (build )
# Java VM: OpenJDK 64-Bit Server VM (11.0.11+9-b60-7590822, mixed mode, sharing, tiered, compressed oops, g1 gc, windows-amd64)
# No core dump will be written. Minidumps are not enabled by default on client versions of Windows
#

---------------  S U M M A R Y ------------

Command Line: org.jetbrains.kotlin.cli.jvm.K2JVMCompiler @C:\Users\kosol\AndroidStudioProjects\Loftmoney\app\build\20220507_1573465258959553416.compiler.options

Host: Intel(R) Core(TM) i7-3630QM CPU @ 2.40GHz, 8 cores, 7G,  Windows 10 , 64 bit Build 19041 (10.0.19041.1645)
Time: Sat May  7 20:35:53 2022 RTZ 3 (зима) elapsed time: 0.026755 seconds (0d 0h 0m 0s)

---------------  T H R E A D  ---------------

Current thread (0x0000025bd5b80000):  JavaThread "Unknown thread" [_thread_in_vm, id=7292, stack(0x000000ed37d00000,0x000000ed37e00000)]

Stack: [0x000000ed37d00000,0x000000ed37e00000]
Native frames: (J=compiled Java code, j=interpreted, Vv=VM code, C=native code)
V  [jvm.dll+0x5f214a]
V  [jvm.dll+0x726fb5]
V  [jvm.dll+0x7285cd]
V  [jvm.dll+0x728c83]
V  [jvm.dll+0x243278]
V  [jvm.dll+0x5ef544]
V  [jvm.dll+0x5e4495]
V  [jvm.dll+0x2fec5b]
V  [jvm.dll+0x2febca]
V  [jvm.dll+0x2feaa2]
V  [jvm.dll+0x303986]
V  [jvm.dll+0x34c3a3]
V  [jvm.dll+0x34caa6]
V  [jvm.dll+0x34c4a3]
V  [jvm.dll+0x2d9688]
V  [jvm.dll+0x2da837]
V  [jvm.dll+0x705ba7]
V  [jvm.dll+0x70739c]
V  [jvm.dll+0x3598f9]
V  [jvm.dll+0x6e931e]
V  [jvm.dll+0x3c1c43]
V  [jvm.dll+0x3c3e81]
C  [jli.dll+0x5373]
C  [ucrtbase.dll+0x21bb2]
C  [KERNEL32.DLL+0x17034]
C  [ntdll.dll+0x52651]


---------------  P R O C E S S  ---------------

Threads class SMR info:
_java_thread_list=0x0000025bd3a20570, length=0, elements={
}

Java Threads: ( => current thread )

Other Threads:
  0x0000025bd5b97800 GCTaskThread "GC Thread#0" [stack: 0x000000ed37e00000,0x000000ed37f00000] [id=7492]
  0x0000025bd5bc9000 ConcurrentGCThread "G1 Main Marker" [stack: 0x000000ed37f00000,0x000000ed38000000] [id=3528]
  0x0000025bd5bca000 ConcurrentGCThread "G1 Conc#0" [stack: 0x000000ed38000000,0x000000ed38100000] [id=9132]

[error occurred during error reporting (printing all threads), id 0xc0000005, EXCEPTION_ACCESS_VIOLATION (0xc0000005) at pc=0x00007ffef80c9c47]

VM state:not at safepoint (not fully initialized)

VM Mutex/Monitor currently owned by a thread:  ([mutex/lock_event])
[0x0000025bd5b7c8e0] Heap_lock - owner thread: 0x0000025bd5b80000

Heap address: 0x0000000081a00000, size: 2022 MB, Compressed Oops mode: Non-zero based: 0x0000000081a00000
Narrow klass base: 0x0000000000000000, Narrow klass shift: 0

GC Heap History (0 events):
No events

Deoptimization events (0 events):
No events

Classes redefined (0 events):
No events

Internal exceptions (0 events):
No events

Events (1 events):
Event: 0.017 Loaded shared library C:\Program Files\Android\Android Studio\jre\bin\zip.dll


Dynamic libraries:
0x00007ff6c6ff0000 - 0x00007ff6c6ffa000 	C:\Program Files\Android\Android Studio\jre\bin\java.exe
0x00007fff2f6b0000 - 0x00007fff2f8a5000 	C:\WINDOWS\SYSTEM32\ntdll.dll
0x00007ffefecf0000 - 0x00007ffefed06000 	C:\Program Files\Avast Software\Avast\aswhook.dll
0x00007fff2eea0000 - 0x00007fff2ef5e000 	C:\WINDOWS\System32\KERNEL32.DLL
0x00007fff2d350000 - 0x00007fff2d618000 	C:\WINDOWS\System32\KERNELBASE.dll
0x00007fff2d040000 - 0x00007fff2d140000 	C:\WINDOWS\System32\ucrtbase.dll
0x00007fff27cf0000 - 0x00007fff27d07000 	C:\Program Files\Android\Android Studio\jre\bin\VCRUNTIME140.dll
0x00007fff27de0000 - 0x00007fff27df9000 	C:\Program Files\Android\Android Studio\jre\bin\jli.dll
0x00007fff2d9b0000 - 0x00007fff2db50000 	C:\WINDOWS\System32\USER32.dll
0x00007fff2d6e0000 - 0x00007fff2d702000 	C:\WINDOWS\System32\win32u.dll
0x00007fff18bc0000 - 0x00007fff18e5a000 	C:\WINDOWS\WinSxS\amd64_microsoft.windows.common-controls_6595b64144ccf1df_6.0.19041.1110_none_60b5254171f9507e\COMCTL32.dll
0x00007fff2d860000 - 0x00007fff2d88a000 	C:\WINDOWS\System32\GDI32.dll
0x00007fff2dc80000 - 0x00007fff2dd1e000 	C:\WINDOWS\System32\msvcrt.dll
0x00007fff2cdd0000 - 0x00007fff2cedb000 	C:\WINDOWS\System32\gdi32full.dll
0x00007fff2d1d0000 - 0x00007fff2d26d000 	C:\WINDOWS\System32\msvcp_win.dll
0x00007fff2d830000 - 0x00007fff2d860000 	C:\WINDOWS\System32\IMM32.DLL
0x00007fff16e80000 - 0x00007fff16f1d000 	C:\Program Files\Android\Android Studio\jre\bin\msvcp140.dll
0x00007ffef7de0000 - 0x00007ffef88b5000 	C:\Program Files\Android\Android Studio\jre\bin\server\jvm.dll
0x00007fff2db50000 - 0x00007fff2dbfe000 	C:\WINDOWS\System32\ADVAPI32.dll
0x00007fff2d900000 - 0x00007fff2d99c000 	C:\WINDOWS\System32\sechost.dll
0x00007fff2efc0000 - 0x00007fff2f0e5000 	C:\WINDOWS\System32\RPCRT4.dll
0x00007fff2d9a0000 - 0x00007fff2d9a8000 	C:\WINDOWS\System32\PSAPI.DLL
0x00007fff1db40000 - 0x00007fff1db49000 	C:\WINDOWS\SYSTEM32\WSOCK32.dll
0x00007fff20bd0000 - 0x00007fff20bf7000 	C:\WINDOWS\SYSTEM32\WINMM.dll
0x00007fff25810000 - 0x00007fff2581a000 	C:\WINDOWS\SYSTEM32\VERSION.dll
0x00007fff2ec80000 - 0x00007fff2eceb000 	C:\WINDOWS\System32\WS2_32.dll
0x00007fff2acf0000 - 0x00007fff2ad02000 	C:\WINDOWS\SYSTEM32\kernel.appcore.dll
0x00007fff22a20000 - 0x00007fff22a31000 	C:\Program Files\Android\Android Studio\jre\bin\verify.dll
0x00007fff225d0000 - 0x00007fff227b4000 	C:\WINDOWS\SYSTEM32\DBGHELP.DLL
0x00007fff22540000 - 0x00007fff2256c000 	C:\WINDOWS\SYSTEM32\dbgcore.DLL
0x00007fff2d140000 - 0x00007fff2d1c2000 	C:\WINDOWS\System32\bcryptPrimitives.dll
0x00007fff1eb50000 - 0x00007fff1eb79000 	C:\Program Files\Android\Android Studio\jre\bin\java.dll
0x00007fff275d0000 - 0x00007fff275db000 	C:\Program Files\Android\Android Studio\jre\bin\jimage.dll
0x00007fff22a00000 - 0x00007fff22a18000 	C:\Program Files\Android\Android Studio\jre\bin\zip.dll

dbghelp: loaded successfully - version: 4.0.5 - missing functions: none
symbol engine: initialized successfully - sym options: 0x614 - pdb path: .;C:\Program Files\Android\Android Studio\jre\bin;C:\WINDOWS\SYSTEM32;C:\Program Files\Avast Software\Avast;C:\WINDOWS\WinSxS\amd64_microsoft.windows.common-controls_6595b64144ccf1df_6.0.19041.1110_none_60b5254171f9507e;C:\Program Files\Android\Android Studio\jre\bin\server

VM Arguments:
java_command: org.jetbrains.kotlin.cli.jvm.K2JVMCompiler @C:\Users\kosol\AndroidStudioProjects\Loftmoney\app\build\20220507_1573465258959553416.compiler.options
java_class_path (initial): C:\Users\kosol\.gradle\caches\modules-2\files-2.1\org.jetbrains.kotlin\kotlin-compiler-embeddable\1.6.21\97bdd5a752ce73b58ef16c17bc7f0ea2faff7a2e\kotlin-compiler-embeddable-1.6.21.jar;C:\Users\kosol\.gradle\caches\modules-2\files-2.1\org.jetbrains.kotlin\kotlin-reflect\1.6.21\5dc3574d9b7bebfcb4ec6b10ada4aaa9e140bd0b\kotlin-reflect-1.6.21.jar;C:\Users\kosol\.gradle\caches\modules-2\files-2.1\org.jetbrains.kotlin\kotlin-stdlib\1.6.21\11ef67f1900634fd951bad28c53ec957fabbe5b8\kotlin-stdlib-1.6.21.jar;C:\Users\kosol\.gradle\caches\modules-2\files-2.1\org.jetbrains.kotlin\kotlin-script-runtime\1.6.21\99c6675100da5d6d5b1c5a1032f27f28008d101b\kotlin-script-runtime-1.6.21.jar;C:\Users\kosol\.gradle\caches\modules-2\files-2.1\org.jetbrains.kotlin\kotlin-daemon-embeddable\1.6.21\46b78cf392e1c4f10854c3cadba44abb7b82250f\kotlin-daemon-embeddable-1.6.21.jar;C:\Users\kosol\.gradle\caches\modules-2\files-2.1\org.jetbrains.intellij.deps\trove4j\1.0.20200330\3afb14d5f9ceb459d724e907a21145e8ff394f02\trove4j-1.0.20200330.jar;C:\Users\kosol\.gradle\caches\modules-2\files-2.1\net.java.dev.jna\jna\5.6.0\330f2244e9030119ab3030fc3fededc86713d9cc\jna-5.6.0.jar;C:\Users\kosol\.gradle\caches\modules-2\files-2.1\org.jetbrains.kotlin\kotlin-stdlib-common\1.6.21\5e5b55c26dbc80372a920aef60eb774b714559b8\kotlin-stdlib-common-1.6.21.jar;C:\Users\kosol\.gradle\caches\modules-2\files-2.1\org.jetbrains\annotations\13.0\919f0dfe192fb4e063e7dacadee7f8bb9a2672a9\annotations-13.0.jar
Launcher Type: SUN_STANDARD

[Global flags]
     intx CICompilerCount                          = 4                                         {product} {ergonomic}
     uint ConcGCThreads                            = 2                                         {product} {ergonomic}
     uint G1ConcRefinementThreads                  = 8                                         {product} {ergonomic}
   size_t G1HeapRegionSize                         = 1048576                                   {product} {ergonomic}
    uintx GCDrainStackTargetSize                   = 64                                        {product} {ergonomic}
   size_t InitialHeapSize                          = 134217728                                 {product} {ergonomic}
   size_t MarkStackSize                            = 4194304                                   {product} {ergonomic}
   size_t MaxHeapSize                              = 2120220672                                {product} {ergonomic}
   size_t MinHeapDeltaBytes                        = 1048576                                   {product} {ergonomic}
    uintx NonNMethodCodeHeapSize                   = 5836300                                {pd product} {ergonomic}
    uintx NonProfiledCodeHeapSize                  = 122910970                              {pd product} {ergonomic}
    uintx ProfiledCodeHeapSize                     = 122910970                              {pd product} {ergonomic}
    uintx ReservedCodeCacheSize                    = 251658240                              {pd product} {ergonomic}
     bool SegmentedCodeCache                       = true                                      {product} {ergonomic}
     bool UseCompressedClassPointers               = true                                 {lp64_product} {ergonomic}
     bool UseCompressedOops                        = true                                 {lp64_product} {ergonomic}
     bool UseG1GC                                  = true                                      {product} {ergonomic}
     bool UseLargePagesIndividualAllocation        = false                                  {pd product} {ergonomic}

Logging:
Log output configuration:
 #0: stdout all=warning uptime,level,tags
 #1: stderr all=off uptime,level,tags

Environment Variables:
PATH=C:\Program Files (x86)\NVIDIA Corporation\PhysX\Common;C:\Program Files\Common Files\Oracle\Java\javapath;C:\Program Files (x86)\Common Files\Oracle\Java\javapath;C:\WINDOWS\system32;C:\WINDOWS;C:\WINDOWS\System32\Wbem;C:\WINDOWS\System32\WindowsPowerShell\v1.0\;C:\WINDOWS\System32\OpenSSH\;C:\Program Files\Git\cmd;C:\Users\kosol\AppData\Local\Microsoft\WindowsApps
USERNAME=kosol
OS=Windows_NT
PROCESSOR_IDENTIFIER=Intel64 Family 6 Model 58 Stepping 9, GenuineIntel



---------------  S Y S T E M  ---------------

OS: Windows 10 , 64 bit Build 19041 (10.0.19041.1645)
OS uptime: 0 days 6:21 hours

CPU:total 8 (initial active 8) (4 cores per cpu, 2 threads per core) family 6 model 58 stepping 9 microcode 0x21, cmov, cx8, fxsr, mmx, sse, sse2, sse3, ssse3, sse4.1, sse4.2, popcnt, avx, aes, clmul, erms, ht, tsc, tscinvbit, tscinv

Memory: 4k page, system-wide physical 8082M (783M free)
TotalPageFile size 8882M (AvailPageFile size 77M)
current process WorkingSet (physical memory assigned to process): 10M, peak: 10M
current process commit charge ("private bytes"): 60M, peak: 188M

vm_info: OpenJDK 64-Bit Server VM (11.0.11+9-b60-7590822) for windows-amd64 JRE (11.0.11+9-b60-7590822), built on Jul 29 2021 21:43:44 by "builder" with MS VC++ 14.0 (VS2015)

END.
