#
# There is insufficient memory for the Java Runtime Environment to continue.
# Native memory allocation (malloc) failed to allocate 1499856 bytes for Chunk::new
# Possible reasons:
#   The system is out of physical RAM or swap space
#   The process is running with CompressedOops enabled, and the Java Heap may be blocking the growth of the native heap
# Possible solutions:
#   Reduce memory load on the system
#   Increase physical memory or swap space
#   Check if swap backing store is full
#   Decrease Java heap size (-Xmx/-Xms)
#   Decrease number of Java threads
#   Decrease Java thread stack sizes (-Xss)
#   Set larger code cache with -XX:ReservedCodeCacheSize=
#   JVM is running with Unscaled Compressed Oops mode in which the Java heap is
#     placed in the first 4GB address space. The Java Heap base address is the
#     maximum limit for the native heap growth. Please use -XX:HeapBaseMinAddress
#     to set the Java Heap base and to place the Java Heap above 4GB virtual address.
# This output file may be truncated or incomplete.
#
#  Out of Memory Error (./src/hotspot/share/memory/arena.cpp:197), pid=5460, tid=2708
#
# JRE version: OpenJDK Runtime Environment (11.0.11+9) (build 11.0.11+9-b60-7590822)
# Java VM: OpenJDK 64-Bit Server VM (11.0.11+9-b60-7590822, mixed mode, tiered, compressed oops, g1 gc, windows-amd64)
# No core dump will be written. Minidumps are not enabled by default on client versions of Windows
#

---------------  S U M M A R Y ------------

Command Line: --add-opens=java.base/java.util=ALL-UNNAMED --add-opens=java.base/java.lang=ALL-UNNAMED --add-opens=java.base/java.lang.invoke=ALL-UNNAMED --add-opens=java.base/java.util=ALL-UNNAMED --add-opens=java.prefs/java.util.prefs=ALL-UNNAMED --add-opens=java.prefs/java.util.prefs=ALL-UNNAMED --add-opens=java.base/java.nio.charset=ALL-UNNAMED --add-opens=java.base/java.net=ALL-UNNAMED --add-opens=java.base/java.util.concurrent.atomic=ALL-UNNAMED -Xmx2048m -Dfile.encoding=UTF-8 -Duser.country=RU -Duser.language=ru -Duser.variant org.gradle.launcher.daemon.bootstrap.GradleDaemon 7.2

Host: Intel(R) Core(TM) i7-3630QM CPU @ 2.40GHz, 8 cores, 7G,  Windows 10 , 64 bit Build 19041 (10.0.19041.1645)
Time: Wed May  4 17:26:35 2022 RTZ 3 (зима) elapsed time: 237.041042 seconds (0d 0h 3m 57s)

---------------  T H R E A D  ---------------

Current thread (0x0000025dc6668800):  JavaThread "C2 CompilerThread2" daemon [_thread_in_native, id=2708, stack(0x000000a7b5400000,0x000000a7b5500000)]


Current CompileTask:
C2: 237041 14610       4       org.gradle.api.internal.artifacts.ivyservice.resolveengine.result.DesugaredAttributeContainerSerializer::read (155 bytes)

Stack: [0x000000a7b5400000,0x000000a7b5500000]
Native frames: (J=compiled Java code, j=interpreted, Vv=VM code, C=native code)
V  [jvm.dll+0x5f214a]
V  [jvm.dll+0x726fb5]
V  [jvm.dll+0x7285cd]
V  [jvm.dll+0x728c83]
V  [jvm.dll+0x243278]
V  [jvm.dll+0xbc53c]
V  [jvm.dll+0xbca3c]
V  [jvm.dll+0x353e7d]
V  [jvm.dll+0x321893]
V  [jvm.dll+0x320d8a]
V  [jvm.dll+0x1fc1e2]
V  [jvm.dll+0x1fb3d4]
V  [jvm.dll+0x183d6c]
V  [jvm.dll+0x209a57]
V  [jvm.dll+0x2082a1]
V  [jvm.dll+0x6ef58f]
V  [jvm.dll+0x6e80b5]
V  [jvm.dll+0x5f1036]
C  [ucrtbase.dll+0x21bb2]
C  [KERNEL32.DLL+0x17034]
C  [ntdll.dll+0x52651]


---------------  P R O C E S S  ---------------

Threads class SMR info:
_java_thread_list=0x0000025dc636b700, length=128, elements={
0x0000025dab074000, 0x0000025dc54f8000, 0x0000025dc54f9800, 0x0000025dc5519800,
0x0000025dc551a800, 0x0000025dc551b800, 0x0000025dc5522000, 0x0000025dc5e90800,
0x0000025dc5e9a000, 0x0000025dc5fe3000, 0x0000025dc809a000, 0x0000025dc81e6000,
0x0000025dc7ca6800, 0x0000025dc885b800, 0x0000025dc8859000, 0x0000025dc885f800,
0x0000025dc885c000, 0x0000025dc885d000, 0x0000025dc6ad4800, 0x0000025dc6ad6000,
0x0000025dc6ad7000, 0x0000025dc6ad2000, 0x0000025dc6ad3000, 0x0000025dc9a1b000,
0x0000025dc9a17800, 0x0000025dc9a18800, 0x0000025dc9a1c000, 0x0000025dc6661800,
0x0000025dc6665800, 0x0000025dcf131800, 0x0000025dcf135800, 0x0000025dcf130800,
0x0000025dcf138000, 0x0000025dc6664800, 0x0000025dc6660000, 0x0000025dc6663000,
0x0000025dc6664000, 0x0000025dc6666800, 0x0000025dc6660800, 0x0000025dc666b000,
0x0000025dc666c000, 0x0000025dc6668000, 0x0000025dc666d000, 0x0000025dc6669800,
0x0000025dc6667000, 0x0000025dc666a800, 0x0000025dc666d800, 0x0000025dc6668800,
0x0000025dc9a12000, 0x0000025dc9a14800, 0x0000025dc9a13800, 0x0000025dc9a0f000,
0x0000025dc9a13000, 0x0000025dc9a15800, 0x0000025dc9a0f800, 0x0000025dc9a16000,
0x0000025dc9a10800, 0x0000025dc9a17000, 0x0000025dc9a11000, 0x0000025dc9a1d800,
0x0000025dc9a1c800, 0x0000025dc9a19800, 0x0000025dc9a1a000, 0x0000025dcf137000,
0x0000025dcf136800, 0x0000025dcf132800, 0x0000025dcf133000, 0x0000025dcf139000,
0x0000025dcf134000, 0x0000025dcf139800, 0x0000025dcf13a800, 0x0000025dcf134800,
0x0000025dcf13c000, 0x0000025dcf13b800, 0x0000025dcf13f800, 0x0000025dcf13d800,
0x0000025dcf13e800, 0x0000025dcf13d000, 0x0000025dc6ad3800, 0x0000025dc6ad1000,
0x0000025dc6ad8800, 0x0000025dc6adc000, 0x0000025dc6add800, 0x0000025dc6ada000,
0x0000025dc6ade800, 0x0000025dc6adb000, 0x0000025dc6adf000, 0x0000025dc6adc800,
0x0000025dc6ad9800, 0x0000025dc6ae0000, 0x0000025dc885a800, 0x0000025dc8859800,
0x0000025dc885e000, 0x0000025dc885e800, 0x0000025dcf2d0000, 0x0000025dcf2d3800,
0x0000025dcf2d4000, 0x0000025dcf2d5000, 0x0000025dcf2cf800, 0x0000025dcf2d1800,
0x0000025dcf2d6000, 0x0000025dcf2d6800, 0x0000025dcf2d1000, 0x0000025dcf2d7800,
0x0000025dcf2d8800, 0x0000025dcf2d2800, 0x0000025dcf2d9000, 0x0000025dcf2de000,
0x0000025dcf2da000, 0x0000025dcf2da800, 0x0000025dcf2db800, 0x0000025dcf2dc800,
0x0000025dcf2dd000, 0x0000025dcec03000, 0x0000025dcec06800, 0x0000025dcec02800,
0x0000025dcec07000, 0x0000025dcec09800, 0x0000025dcec09000, 0x0000025dcec08000,
0x0000025dcec04000, 0x0000025dcec05800, 0x0000025dcec04800, 0x0000025dcec0d800,
0x0000025dcec0e800, 0x0000025dcec10000, 0x0000025dcec0f800, 0x0000025dcec0a800
}

Java Threads: ( => current thread )
  0x0000025dab074000 JavaThread "main" [_thread_blocked, id=10588, stack(0x000000a7b2700000,0x000000a7b2800000)]
  0x0000025dc54f8000 JavaThread "Reference Handler" daemon [_thread_blocked, id=6136, stack(0x000000a7b2e00000,0x000000a7b2f00000)]
  0x0000025dc54f9800 JavaThread "Finalizer" daemon [_thread_blocked, id=2392, stack(0x000000a7b2f00000,0x000000a7b3000000)]
  0x0000025dc5519800 JavaThread "Signal Dispatcher" daemon [_thread_blocked, id=12152, stack(0x000000a7b3000000,0x000000a7b3100000)]
  0x0000025dc551a800 JavaThread "Attach Listener" daemon [_thread_blocked, id=7176, stack(0x000000a7b3100000,0x000000a7b3200000)]
  0x0000025dc551b800 JavaThread "Service Thread" daemon [_thread_blocked, id=9940, stack(0x000000a7b3200000,0x000000a7b3300000)]
  0x0000025dc5522000 JavaThread "C2 CompilerThread0" daemon [_thread_in_native, id=2840, stack(0x000000a7b3300000,0x000000a7b3400000)]
  0x0000025dc5e90800 JavaThread "C1 CompilerThread0" daemon [_thread_blocked, id=11364, stack(0x000000a7b3400000,0x000000a7b3500000)]
  0x0000025dc5e9a000 JavaThread "Sweeper thread" daemon [_thread_blocked, id=3056, stack(0x000000a7b3500000,0x000000a7b3600000)]
  0x0000025dc5fe3000 JavaThread "Common-Cleaner" daemon [_thread_blocked, id=3620, stack(0x000000a7b3600000,0x000000a7b3700000)]
  0x0000025dc809a000 JavaThread "Daemon health stats" [_thread_blocked, id=5684, stack(0x000000a7b3c00000,0x000000a7b3d00000)]
  0x0000025dc81e6000 JavaThread "Incoming local TCP Connector on port 50694" [_thread_in_native, id=6148, stack(0x000000a7b3d00000,0x000000a7b3e00000)]
  0x0000025dc7ca6800 JavaThread "Daemon periodic checks" [_thread_blocked, id=12168, stack(0x000000a7b3e00000,0x000000a7b3f00000)]
  0x0000025dc885b800 JavaThread "Cache worker for journal cache (C:\Users\kosol\.gradle\caches\journal-1)" [_thread_blocked, id=11208, stack(0x000000a7b3800000,0x000000a7b3900000)]
  0x0000025dc8859000 JavaThread "File lock request listener" [_thread_in_native, id=6236, stack(0x000000a7b3900000,0x000000a7b3a00000)]
  0x0000025dc885f800 JavaThread "Cache worker for file hash cache (C:\Users\kosol\.gradle\caches\7.2\fileHashes)" [_thread_blocked, id=4888, stack(0x000000a7b4b00000,0x000000a7b4c00000)]
  0x0000025dc885c000 JavaThread "File watcher server" daemon [_thread_in_native, id=11980, stack(0x000000a7b4f00000,0x000000a7b5000000)]
  0x0000025dc885d000 JavaThread "File watcher consumer" daemon [_thread_blocked, id=8540, stack(0x000000a7b5000000,0x000000a7b5100000)]
  0x0000025dc6ad4800 JavaThread "Cache worker for execution history cache (C:\Users\kosol\.gradle\caches\7.2\executionHistory)" [_thread_blocked, id=11008, stack(0x000000a7b5500000,0x000000a7b5600000)]
  0x0000025dc6ad6000 JavaThread "jar transforms" [_thread_in_native, id=5336, stack(0x000000a7b5600000,0x000000a7b5700000)]
  0x0000025dc6ad7000 JavaThread "Cache worker for file content cache (C:\Users\kosol\.gradle\caches\7.2\fileContent)" [_thread_blocked, id=6100, stack(0x000000a7b5700000,0x000000a7b5800000)]
  0x0000025dc6ad2000 JavaThread "jar transforms Thread 2" [_thread_blocked, id=9732, stack(0x000000a7b5800000,0x000000a7b5900000)]
  0x0000025dc6ad3000 JavaThread "jar transforms Thread 3" [_thread_blocked, id=996, stack(0x000000a7b5a00000,0x000000a7b5b00000)]
  0x0000025dc9a1b000 JavaThread "jar transforms Thread 4" [_thread_blocked, id=3096, stack(0x000000a7bac00000,0x000000a7bad00000)]
  0x0000025dc9a17800 JavaThread "jar transforms Thread 5" [_thread_blocked, id=9184, stack(0x000000a7bad00000,0x000000a7bae00000)]
  0x0000025dc9a18800 JavaThread "jar transforms Thread 6" [_thread_blocked, id=9448, stack(0x000000a7bae00000,0x000000a7baf00000)]
  0x0000025dc9a1c000 JavaThread "jar transforms Thread 7" [_thread_blocked, id=6480, stack(0x000000a7baf00000,0x000000a7bb000000)]
  0x0000025dc6661800 JavaThread "jar transforms Thread 8" [_thread_blocked, id=9480, stack(0x000000a7bb000000,0x000000a7bb100000)]
  0x0000025dc6665800 JavaThread "Memory manager" [_thread_blocked, id=10348, stack(0x000000a7bb100000,0x000000a7bb200000)]
  0x0000025dcf131800 JavaThread "ForkJoinPool.commonPool-worker-5" daemon [_thread_blocked, id=11708, stack(0x000000a7bc300000,0x000000a7bc400000)]
  0x0000025dcf135800 JavaThread "ForkJoinPool.commonPool-worker-7" daemon [_thread_blocked, id=1396, stack(0x000000a7bc400000,0x000000a7bc500000)]
  0x0000025dcf130800 JavaThread "ForkJoinPool.commonPool-worker-9" daemon [_thread_blocked, id=12088, stack(0x000000a7bc500000,0x000000a7bc600000)]
  0x0000025dcf138000 JavaThread "ForkJoinPool.commonPool-worker-15" daemon [_thread_blocked, id=2892, stack(0x000000a7bc800000,0x000000a7bc900000)]
  0x0000025dc6664800 JavaThread "Daemon Thread 2" [_thread_blocked, id=7192, stack(0x000000a7b2400000,0x000000a7b2500000)]
  0x0000025dc6660000 JavaThread "Handler for socket connection from /127.0.0.1:50694 to /127.0.0.1:50831" [_thread_in_native, id=10884, stack(0x000000a7b2500000,0x000000a7b2600000)]
  0x0000025dc6663000 JavaThread "Cancel handler" [_thread_blocked, id=1252, stack(0x000000a7b2600000,0x000000a7b2700000)]
  0x0000025dc6664000 JavaThread "Daemon worker Thread 2" [_thread_blocked, id=12144, stack(0x000000a7b3f00000,0x000000a7b4000000)]
  0x0000025dc6666800 JavaThread "Asynchronous log dispatcher for DefaultDaemonConnection: socket connection from /127.0.0.1:50694 to /127.0.0.1:50831" [_thread_blocked, id=7196, stack(0x000000a7b4000000,0x000000a7b4100000)]
  0x0000025dc6660800 JavaThread "Stdin handler" [_thread_blocked, id=10072, stack(0x000000a7b4100000,0x000000a7b4200000)]
  0x0000025dc666b000 JavaThread "Daemon client event forwarder" [_thread_blocked, id=1840, stack(0x000000a7b4200000,0x000000a7b4300000)]
  0x0000025dc666c000 JavaThread "Cache worker for file hash cache (C:\Users\kosol\AndroidStudioProjects\Loftmoney\.gradle\7.2\fileHashes)" [_thread_blocked, id=4636, stack(0x000000a7b4300000,0x000000a7b4400000)]
  0x0000025dc6668000 JavaThread "C2 CompilerThread1" daemon [_thread_in_native, id=2608, stack(0x000000a7b4400000,0x000000a7b4500000)]
  0x0000025dc666d000 JavaThread "Cache worker for checksums cache (C:\Users\kosol\AndroidStudioProjects\Loftmoney\.gradle\checksums)" [_thread_blocked, id=11244, stack(0x000000a7b4500000,0x000000a7b4600000)]
  0x0000025dc6669800 JavaThread "Cache worker for cache directory md-supplier (C:\Users\kosol\.gradle\caches\7.2\md-supplier)" [_thread_blocked, id=11216, stack(0x000000a7b4e00000,0x000000a7b4f00000)]
  0x0000025dc6667000 JavaThread "Cache worker for cache directory md-rule (C:\Users\kosol\.gradle\caches\7.2\md-rule)" [_thread_blocked, id=3036, stack(0x000000a7b5100000,0x000000a7b5200000)]
  0x0000025dc666a800 JavaThread "Cache worker for dependencies-accessors (C:\Users\kosol\AndroidStudioProjects\Loftmoney\.gradle\7.2\dependencies-accessors)" [_thread_blocked, id=11072, stack(0x000000a7b5200000,0x000000a7b5300000)]
  0x0000025dc666d800 JavaThread "Cache worker for Build Output Cleanup Cache (C:\Users\kosol\AndroidStudioProjects\Loftmoney\.gradle\buildOutputCleanup)" [_thread_blocked, id=10028, stack(0x000000a7b5300000,0x000000a7b5400000)]
=>0x0000025dc6668800 JavaThread "C2 CompilerThread2" daemon [_thread_in_native, id=2708, stack(0x000000a7b5400000,0x000000a7b5500000)]
  0x0000025dc9a12000 JavaThread "Unconstrained build operations" [_thread_blocked, id=7604, stack(0x000000a7b5900000,0x000000a7b5a00000)]
  0x0000025dc9a14800 JavaThread "Unconstrained build operations Thread 2" [_thread_blocked, id=3044, stack(0x000000a7b5b00000,0x000000a7b5c00000)]
  0x0000025dc9a13800 JavaThread "Unconstrained build operations Thread 3" [_thread_blocked, id=2016, stack(0x000000a7b5c00000,0x000000a7b5d00000)]
  0x0000025dc9a0f000 JavaThread "Unconstrained build operations Thread 4" [_thread_blocked, id=4308, stack(0x000000a7b5d00000,0x000000a7b5e00000)]
  0x0000025dc9a13000 JavaThread "Unconstrained build operations Thread 5" [_thread_blocked, id=5020, stack(0x000000a7b5e00000,0x000000a7b5f00000)]
  0x0000025dc9a15800 JavaThread "Unconstrained build operations Thread 6" [_thread_blocked, id=5752, stack(0x000000a7b5f00000,0x000000a7b6000000)]
  0x0000025dc9a0f800 JavaThread "Unconstrained build operations Thread 7" [_thread_blocked, id=12196, stack(0x000000a7b6000000,0x000000a7b6100000)]
  0x0000025dc9a16000 JavaThread "Unconstrained build operations Thread 8" [_thread_blocked, id=6644, stack(0x000000a7b6100000,0x000000a7b6200000)]
  0x0000025dc9a10800 JavaThread "Unconstrained build operations Thread 9" [_thread_blocked, id=8400, stack(0x000000a7b6200000,0x000000a7b6300000)]
  0x0000025dc9a17000 JavaThread "Unconstrained build operations Thread 10" [_thread_blocked, id=2476, stack(0x000000a7b6300000,0x000000a7b6400000)]
  0x0000025dc9a11000 JavaThread "Unconstrained build operations Thread 11" [_thread_blocked, id=3940, stack(0x000000a7b6400000,0x000000a7b6500000)]
  0x0000025dc9a1d800 JavaThread "Unconstrained build operations Thread 12" [_thread_blocked, id=148, stack(0x000000a7b6500000,0x000000a7b6600000)]
  0x0000025dc9a1c800 JavaThread "Unconstrained build operations Thread 13" [_thread_blocked, id=580, stack(0x000000a7b6600000,0x000000a7b6700000)]
  0x0000025dc9a19800 JavaThread "Unconstrained build operations Thread 14" [_thread_blocked, id=10024, stack(0x000000a7b6700000,0x000000a7b6800000)]
  0x0000025dc9a1a000 JavaThread "Unconstrained build operations Thread 15" [_thread_blocked, id=11228, stack(0x000000a7b6800000,0x000000a7b6900000)]
  0x0000025dcf137000 JavaThread "Unconstrained build operations Thread 16" [_thread_blocked, id=7388, stack(0x000000a7b6900000,0x000000a7b6a00000)]
  0x0000025dcf136800 JavaThread "Unconstrained build operations Thread 17" [_thread_blocked, id=3012, stack(0x000000a7b6a00000,0x000000a7b6b00000)]
  0x0000025dcf132800 JavaThread "Unconstrained build operations Thread 18" [_thread_blocked, id=5440, stack(0x000000a7b6b00000,0x000000a7b6c00000)]
  0x0000025dcf133000 JavaThread "Unconstrained build operations Thread 19" [_thread_blocked, id=5948, stack(0x000000a7b6c00000,0x000000a7b6d00000)]
  0x0000025dcf139000 JavaThread "Unconstrained build operations Thread 20" [_thread_blocked, id=2252, stack(0x000000a7b6d00000,0x000000a7b6e00000)]
  0x0000025dcf134000 JavaThread "Unconstrained build operations Thread 21" [_thread_blocked, id=1480, stack(0x000000a7b6e00000,0x000000a7b6f00000)]
  0x0000025dcf139800 JavaThread "Unconstrained build operations Thread 22" [_thread_blocked, id=5588, stack(0x000000a7b6f00000,0x000000a7b7000000)]
  0x0000025dcf13a800 JavaThread "Unconstrained build operations Thread 23" [_thread_blocked, id=10036, stack(0x000000a7b7000000,0x000000a7b7100000)]
  0x0000025dcf134800 JavaThread "Unconstrained build operations Thread 24" [_thread_blocked, id=8488, stack(0x000000a7b7100000,0x000000a7b7200000)]
  0x0000025dcf13c000 JavaThread "Unconstrained build operations Thread 25" [_thread_blocked, id=4052, stack(0x000000a7b7200000,0x000000a7b7300000)]
  0x0000025dcf13b800 JavaThread "Unconstrained build operations Thread 26" [_thread_blocked, id=2884, stack(0x000000a7b7300000,0x000000a7b7400000)]
  0x0000025dcf13f800 JavaThread "Unconstrained build operations Thread 27" [_thread_blocked, id=12032, stack(0x000000a7b7400000,0x000000a7b7500000)]
  0x0000025dcf13d800 JavaThread "Unconstrained build operations Thread 28" [_thread_blocked, id=6968, stack(0x000000a7b7500000,0x000000a7b7600000)]
  0x0000025dcf13e800 JavaThread "Unconstrained build operations Thread 29" [_thread_blocked, id=7528, stack(0x000000a7b7600000,0x000000a7b7700000)]
  0x0000025dcf13d000 JavaThread "Unconstrained build operations Thread 30" [_thread_blocked, id=2348, stack(0x000000a7b7700000,0x000000a7b7800000)]
  0x0000025dc6ad3800 JavaThread "Unconstrained build operations Thread 31" [_thread_blocked, id=7572, stack(0x000000a7b7800000,0x000000a7b7900000)]
  0x0000025dc6ad1000 JavaThread "Unconstrained build operations Thread 32" [_thread_blocked, id=8476, stack(0x000000a7b7900000,0x000000a7b7a00000)]
  0x0000025dc6ad8800 JavaThread "Unconstrained build operations Thread 33" [_thread_blocked, id=2564, stack(0x000000a7b7a00000,0x000000a7b7b00000)]
  0x0000025dc6adc000 JavaThread "Unconstrained build operations Thread 34" [_thread_blocked, id=11496, stack(0x000000a7b7b00000,0x000000a7b7c00000)]
  0x0000025dc6add800 JavaThread "Unconstrained build operations Thread 35" [_thread_blocked, id=4524, stack(0x000000a7b7c00000,0x000000a7b7d00000)]
  0x0000025dc6ada000 JavaThread "Unconstrained build operations Thread 36" [_thread_blocked, id=9084, stack(0x000000a7b7d00000,0x000000a7b7e00000)]
  0x0000025dc6ade800 JavaThread "Unconstrained build operations Thread 37" [_thread_blocked, id=11688, stack(0x000000a7b7e00000,0x000000a7b7f00000)]
  0x0000025dc6adb000 JavaThread "Unconstrained build operations Thread 38" [_thread_blocked, id=6532, stack(0x000000a7b7f00000,0x000000a7b8000000)]
  0x0000025dc6adf000 JavaThread "Unconstrained build operations Thread 39" [_thread_blocked, id=1716, stack(0x000000a7b8000000,0x000000a7b8100000)]
  0x0000025dc6adc800 JavaThread "Unconstrained build operations Thread 40" [_thread_blocked, id=9432, stack(0x000000a7b8100000,0x000000a7b8200000)]
  0x0000025dc6ad9800 JavaThread "Unconstrained build operations Thread 41" [_thread_blocked, id=1192, stack(0x000000a7b8200000,0x000000a7b8300000)]
  0x0000025dc6ae0000 JavaThread "Unconstrained build operations Thread 42" [_thread_blocked, id=5268, stack(0x000000a7b8300000,0x000000a7b8400000)]
  0x0000025dc885a800 JavaThread "Unconstrained build operations Thread 43" [_thread_blocked, id=2088, stack(0x000000a7b8400000,0x000000a7b8500000)]
  0x0000025dc8859800 JavaThread "Unconstrained build operations Thread 44" [_thread_blocked, id=9704, stack(0x000000a7b8500000,0x000000a7b8600000)]
  0x0000025dc885e000 JavaThread "Unconstrained build operations Thread 45" [_thread_blocked, id=3136, stack(0x000000a7b8600000,0x000000a7b8700000)]
  0x0000025dc885e800 JavaThread "Unconstrained build operations Thread 46" [_thread_blocked, id=10620, stack(0x000000a7b8700000,0x000000a7b8800000)]
  0x0000025dcf2d0000 JavaThread "Unconstrained build operations Thread 47" [_thread_blocked, id=10168, stack(0x000000a7b8800000,0x000000a7b8900000)]
  0x0000025dcf2d3800 JavaThread "Unconstrained build operations Thread 48" [_thread_blocked, id=12028, stack(0x000000a7b8900000,0x000000a7b8a00000)]
  0x0000025dcf2d4000 JavaThread "Unconstrained build operations Thread 49" [_thread_blocked, id=9836, stack(0x000000a7b8a00000,0x000000a7b8b00000)]
  0x0000025dcf2d5000 JavaThread "Unconstrained build operations Thread 50" [_thread_blocked, id=6932, stack(0x000000a7b8b00000,0x000000a7b8c00000)]
  0x0000025dcf2cf800 JavaThread "Unconstrained build operations Thread 51" [_thread_blocked, id=2536, stack(0x000000a7b8c00000,0x000000a7b8d00000)]
  0x0000025dcf2d1800 JavaThread "Unconstrained build operations Thread 52" [_thread_blocked, id=11968, stack(0x000000a7b8d00000,0x000000a7b8e00000)]
  0x0000025dcf2d6000 JavaThread "Unconstrained build operations Thread 53" [_thread_blocked, id=7012, stack(0x000000a7b8e00000,0x000000a7b8f00000)]
  0x0000025dcf2d6800 JavaThread "Unconstrained build operations Thread 54" [_thread_blocked, id=6516, stack(0x000000a7b8f00000,0x000000a7b9000000)]
  0x0000025dcf2d1000 JavaThread "Unconstrained build operations Thread 55" [_thread_blocked, id=564, stack(0x000000a7b9000000,0x000000a7b9100000)]
  0x0000025dcf2d7800 JavaThread "Unconstrained build operations Thread 56" [_thread_blocked, id=3248, stack(0x000000a7b9100000,0x000000a7b9200000)]
  0x0000025dcf2d8800 JavaThread "Unconstrained build operations Thread 57" [_thread_blocked, id=9464, stack(0x000000a7b9200000,0x000000a7b9300000)]
  0x0000025dcf2d2800 JavaThread "Unconstrained build operations Thread 58" [_thread_blocked, id=5408, stack(0x000000a7b9300000,0x000000a7b9400000)]
  0x0000025dcf2d9000 JavaThread "Unconstrained build operations Thread 59" [_thread_blocked, id=524, stack(0x000000a7b9400000,0x000000a7b9500000)]
  0x0000025dcf2de000 JavaThread "Unconstrained build operations Thread 60" [_thread_blocked, id=6004, stack(0x000000a7b9500000,0x000000a7b9600000)]
  0x0000025dcf2da000 JavaThread "Unconstrained build operations Thread 61" [_thread_blocked, id=7272, stack(0x000000a7b9600000,0x000000a7b9700000)]
  0x0000025dcf2da800 JavaThread "Unconstrained build operations Thread 62" [_thread_blocked, id=3796, stack(0x000000a7b9700000,0x000000a7b9800000)]
  0x0000025dcf2db800 JavaThread "Unconstrained build operations Thread 63" [_thread_blocked, id=10268, stack(0x000000a7b9800000,0x000000a7b9900000)]
  0x0000025dcf2dc800 JavaThread "Unconstrained build operations Thread 64" [_thread_blocked, id=3852, stack(0x000000a7b9900000,0x000000a7b9a00000)]
  0x0000025dcf2dd000 JavaThread "Unconstrained build operations Thread 65" [_thread_blocked, id=8232, stack(0x000000a7b9a00000,0x000000a7b9b00000)]
  0x0000025dcec03000 JavaThread "Unconstrained build operations Thread 66" [_thread_blocked, id=6344, stack(0x000000a7b9b00000,0x000000a7b9c00000)]
  0x0000025dcec06800 JavaThread "Unconstrained build operations Thread 67" [_thread_blocked, id=9752, stack(0x000000a7b9c00000,0x000000a7b9d00000)]
  0x0000025dcec02800 JavaThread "Unconstrained build operations Thread 68" [_thread_blocked, id=4248, stack(0x000000a7b9d00000,0x000000a7b9e00000)]
  0x0000025dcec07000 JavaThread "Unconstrained build operations Thread 69" [_thread_blocked, id=8384, stack(0x000000a7b9e00000,0x000000a7b9f00000)]
  0x0000025dcec09800 JavaThread "Unconstrained build operations Thread 70" [_thread_blocked, id=11088, stack(0x000000a7b9f00000,0x000000a7ba000000)]
  0x0000025dcec09000 JavaThread "Unconstrained build operations Thread 71" [_thread_blocked, id=9568, stack(0x000000a7ba000000,0x000000a7ba100000)]
  0x0000025dcec08000 JavaThread "Unconstrained build operations Thread 72" [_thread_blocked, id=11376, stack(0x000000a7ba100000,0x000000a7ba200000)]
  0x0000025dcec04000 JavaThread "Unconstrained build operations Thread 73" [_thread_blocked, id=10784, stack(0x000000a7ba200000,0x000000a7ba300000)]
  0x0000025dcec05800 JavaThread "Unconstrained build operations Thread 74" [_thread_blocked, id=1688, stack(0x000000a7ba300000,0x000000a7ba400000)]
  0x0000025dcec04800 JavaThread "Unconstrained build operations Thread 75" [_thread_blocked, id=9612, stack(0x000000a7ba400000,0x000000a7ba500000)]
  0x0000025dcec0d800 JavaThread "Unconstrained build operations Thread 76" [_thread_blocked, id=2024, stack(0x000000a7ba500000,0x000000a7ba600000)]
  0x0000025dcec0e800 JavaThread "Unconstrained build operations Thread 77" [_thread_blocked, id=500, stack(0x000000a7ba600000,0x000000a7ba700000)]
  0x0000025dcec10000 JavaThread "Unconstrained build operations Thread 78" [_thread_blocked, id=11204, stack(0x000000a7ba700000,0x000000a7ba800000)]
  0x0000025dcec0f800 JavaThread "Unconstrained build operations Thread 79" [_thread_blocked, id=2584, stack(0x000000a7ba800000,0x000000a7ba900000)]
  0x0000025dcec0a800 JavaThread "Unconstrained build operations Thread 80" [_thread_blocked, id=10368, stack(0x000000a7ba900000,0x000000a7baa00000)]

Other Threads:
  0x0000025dc54f6000 VMThread "VM Thread" [stack: 0x000000a7b2d00000,0x000000a7b2e00000] [id=10856]
  0x0000025dc600c800 WatcherThread [stack: 0x000000a7b3700000,0x000000a7b3800000] [id=12052]
  0x0000025dab08b800 GCTaskThread "GC Thread#0" [stack: 0x000000a7b2800000,0x000000a7b2900000] [id=10000]
  0x0000025dc6d91000 GCTaskThread "GC Thread#1" [stack: 0x000000a7b3a00000,0x000000a7b3b00000] [id=8896]
  0x0000025dc6c97800 GCTaskThread "GC Thread#2" [stack: 0x000000a7b3b00000,0x000000a7b3c00000] [id=7608]
  0x0000025dc7040000 GCTaskThread "GC Thread#3" [stack: 0x000000a7b4600000,0x000000a7b4700000] [id=6704]
  0x0000025dc8530800 GCTaskThread "GC Thread#4" [stack: 0x000000a7b4700000,0x000000a7b4800000] [id=8416]
  0x0000025dc8531000 GCTaskThread "GC Thread#5" [stack: 0x000000a7b4800000,0x000000a7b4900000] [id=6568]
  0x0000025dc73c6800 GCTaskThread "GC Thread#6" [stack: 0x000000a7b4900000,0x000000a7b4a00000] [id=10544]
  0x0000025dc73c7000 GCTaskThread "GC Thread#7" [stack: 0x000000a7b4a00000,0x000000a7b4b00000] [id=5576]
  0x0000025dab0bc000 ConcurrentGCThread "G1 Main Marker" [stack: 0x000000a7b2900000,0x000000a7b2a00000] [id=3956]
  0x0000025dab0bd800 ConcurrentGCThread "G1 Conc#0" [stack: 0x000000a7b2a00000,0x000000a7b2b00000] [id=9128]
  0x0000025dc78dd000 ConcurrentGCThread "G1 Conc#1" [stack: 0x000000a7b4c00000,0x000000a7b4d00000] [id=2724]
  0x0000025dab14d800 ConcurrentGCThread "G1 Refine#0" [stack: 0x000000a7b2b00000,0x000000a7b2c00000] [id=9512]
  0x0000025dc9e6b000 ConcurrentGCThread "G1 Refine#1" [stack: 0x000000a7b4d00000,0x000000a7b4e00000] [id=7784]
  0x0000025dc5342800 ConcurrentGCThread "G1 Young RemSet Sampling" [stack: 0x000000a7b2c00000,0x000000a7b2d00000] [id=5100]

Threads with active compile tasks:
C2 CompilerThread0 237120 14620       4       org.gradle.api.internal.artifacts.ModuleComponentSelectorSerializer::read (50 bytes)
C2 CompilerThread1 237120 14662       4       org.gradle.api.internal.artifacts.transform.AttributeMatchingVariantSelector::doSelect (469 bytes)
C2 CompilerThread2 237120 14610       4       org.gradle.api.internal.artifacts.ivyservice.resolveengine.result.DesugaredAttributeContainerSerializer::read (155 bytes)

VM state:not at safepoint (normal execution)

VM Mutex/Monitor currently owned by a thread: None

Heap address: 0x0000000080000000, size: 2048 MB, Compressed Oops mode: 32-bit
Narrow klass base: 0x0000000000000000, Narrow klass shift: 3
Compressed class space size: 1073741824 Address: 0x0000000100000000

Heap:
 garbage-first heap   total 227328K, used 156260K [0x0000000080000000, 0x0000000100000000)
  region size 1024K, 52 young (53248K), 8 survivors (8192K)
 Metaspace       used 99566K, capacity 101881K, committed 102204K, reserved 1138688K
  class space    used 12653K, capacity 13535K, committed 13644K, reserved 1048576K
Heap Regions: E=young(eden), S=young(survivor), O=old, HS=humongous(starts), HC=humongous(continues), CS=collection set, F=free, A=archive, TAMS=top-at-mark-start (previous, next)
|   0|0x0000000080000000, 0x0000000080100000, 0x0000000080100000|100%| O|  |TAMS 0x0000000080100000, 0x0000000080000000| Untracked 
|   1|0x0000000080100000, 0x0000000080200000, 0x0000000080200000|100%| O|  |TAMS 0x0000000080200000, 0x0000000080100000| Untracked 
|   2|0x0000000080200000, 0x0000000080300000, 0x0000000080300000|100%| O|  |TAMS 0x0000000080300000, 0x0000000080200000| Untracked 
|   3|0x0000000080300000, 0x0000000080400000, 0x0000000080400000|100%|HS|  |TAMS 0x0000000080400000, 0x0000000080300000| Complete 
|   4|0x0000000080400000, 0x0000000080500000, 0x0000000080500000|100%|HC|  |TAMS 0x0000000080500000, 0x0000000080400000| Complete 
|   5|0x0000000080500000, 0x0000000080600000, 0x0000000080600000|100%|HC|  |TAMS 0x0000000080600000, 0x0000000080500000| Complete 
|   6|0x0000000080600000, 0x0000000080700000, 0x0000000080700000|100%| O|  |TAMS 0x0000000080700000, 0x0000000080600000| Untracked 
|   7|0x0000000080700000, 0x0000000080800000, 0x0000000080800000|100%| O|  |TAMS 0x0000000080800000, 0x0000000080700000| Untracked 
|   8|0x0000000080800000, 0x0000000080900000, 0x0000000080900000|100%| O|  |TAMS 0x0000000080900000, 0x0000000080800000| Untracked 
|   9|0x0000000080900000, 0x0000000080a00000, 0x0000000080a00000|100%| O|  |TAMS 0x0000000080a00000, 0x0000000080900000| Untracked 
|  10|0x0000000080a00000, 0x0000000080b00000, 0x0000000080b00000|100%| O|  |TAMS 0x0000000080b00000, 0x0000000080a00000| Untracked 
|  11|0x0000000080b00000, 0x0000000080c00000, 0x0000000080c00000|100%| O|  |TAMS 0x0000000080c00000, 0x0000000080b00000| Untracked 
|  12|0x0000000080c00000, 0x0000000080d00000, 0x0000000080d00000|100%| O|  |TAMS 0x0000000080d00000, 0x0000000080c00000| Untracked 
|  13|0x0000000080d00000, 0x0000000080e00000, 0x0000000080e00000|100%| O|  |TAMS 0x0000000080e00000, 0x0000000080d00000| Untracked 
|  14|0x0000000080e00000, 0x0000000080f00000, 0x0000000080f00000|100%| O|  |TAMS 0x0000000080f00000, 0x0000000080e00000| Untracked 
|  15|0x0000000080f00000, 0x0000000081000000, 0x0000000081000000|100%| O|  |TAMS 0x0000000081000000, 0x0000000080f00000| Untracked 
|  16|0x0000000081000000, 0x0000000081100000, 0x0000000081100000|100%| O|  |TAMS 0x0000000081100000, 0x0000000081000000| Untracked 
|  17|0x0000000081100000, 0x0000000081200000, 0x0000000081200000|100%| O|  |TAMS 0x0000000081200000, 0x0000000081100000| Untracked 
|  18|0x0000000081200000, 0x0000000081300000, 0x0000000081300000|100%| O|  |TAMS 0x0000000081300000, 0x0000000081200000| Untracked 
|  19|0x0000000081300000, 0x0000000081400000, 0x0000000081400000|100%| O|  |TAMS 0x0000000081400000, 0x0000000081300000| Untracked 
|  20|0x0000000081400000, 0x0000000081500000, 0x0000000081500000|100%|HS|  |TAMS 0x0000000081500000, 0x0000000081400000| Complete 
|  21|0x0000000081500000, 0x0000000081600000, 0x0000000081600000|100%| O|  |TAMS 0x0000000081600000, 0x0000000081500000| Untracked 
|  22|0x0000000081600000, 0x0000000081700000, 0x0000000081700000|100%| O|  |TAMS 0x0000000081700000, 0x0000000081600000| Untracked 
|  23|0x0000000081700000, 0x0000000081800000, 0x0000000081800000|100%| O|  |TAMS 0x0000000081800000, 0x0000000081700000| Untracked 
|  24|0x0000000081800000, 0x0000000081900000, 0x0000000081900000|100%|HS|  |TAMS 0x0000000081900000, 0x0000000081800000| Complete 
|  25|0x0000000081900000, 0x0000000081a00000, 0x0000000081a00000|100%|HS|  |TAMS 0x0000000081a00000, 0x0000000081900000| Complete 
|  26|0x0000000081a00000, 0x0000000081b00000, 0x0000000081b00000|100%|HS|  |TAMS 0x0000000081b00000, 0x0000000081a00000| Complete 
|  27|0x0000000081b00000, 0x0000000081c00000, 0x0000000081c00000|100%|HS|  |TAMS 0x0000000081c00000, 0x0000000081b00000| Complete 
|  28|0x0000000081c00000, 0x0000000081d00000, 0x0000000081d00000|100%|HC|  |TAMS 0x0000000081d00000, 0x0000000081c00000| Complete 
|  29|0x0000000081d00000, 0x0000000081e00000, 0x0000000081e00000|100%|HC|  |TAMS 0x0000000081e00000, 0x0000000081d00000| Complete 
|  30|0x0000000081e00000, 0x0000000081f00000, 0x0000000081f00000|100%|HS|  |TAMS 0x0000000081f00000, 0x0000000081e00000| Complete 
|  31|0x0000000081f00000, 0x0000000082000000, 0x0000000082000000|100%|HC|  |TAMS 0x0000000082000000, 0x0000000081f00000| Complete 
|  32|0x0000000082000000, 0x0000000082100000, 0x0000000082100000|100%| O|  |TAMS 0x0000000082100000, 0x0000000082000000| Untracked 
|  33|0x0000000082100000, 0x0000000082200000, 0x0000000082200000|100%| O|  |TAMS 0x0000000082200000, 0x0000000082100000| Untracked 
|  34|0x0000000082200000, 0x0000000082300000, 0x0000000082300000|100%| O|  |TAMS 0x0000000082300000, 0x0000000082200000| Untracked 
|  35|0x0000000082300000, 0x0000000082400000, 0x0000000082400000|100%| O|  |TAMS 0x0000000082400000, 0x0000000082300000| Untracked 
|  36|0x0000000082400000, 0x0000000082500000, 0x0000000082500000|100%| O|  |TAMS 0x0000000082500000, 0x0000000082400000| Untracked 
|  37|0x0000000082500000, 0x0000000082600000, 0x0000000082600000|100%| O|  |TAMS 0x0000000082600000, 0x0000000082500000| Untracked 
|  38|0x0000000082600000, 0x0000000082700000, 0x0000000082700000|100%| O|  |TAMS 0x0000000082700000, 0x0000000082600000| Untracked 
|  39|0x0000000082700000, 0x0000000082800000, 0x0000000082800000|100%| O|  |TAMS 0x0000000082800000, 0x0000000082700000| Untracked 
|  40|0x0000000082800000, 0x0000000082900000, 0x0000000082900000|100%| O|  |TAMS 0x0000000082900000, 0x0000000082800000| Untracked 
|  41|0x0000000082900000, 0x0000000082a00000, 0x0000000082a00000|100%| O|  |TAMS 0x0000000082a00000, 0x0000000082900000| Untracked 
|  42|0x0000000082a00000, 0x0000000082b00000, 0x0000000082b00000|100%| O|  |TAMS 0x0000000082b00000, 0x0000000082a00000| Untracked 
|  43|0x0000000082b00000, 0x0000000082c00000, 0x0000000082c00000|100%| O|  |TAMS 0x0000000082c00000, 0x0000000082b00000| Untracked 
|  44|0x0000000082c00000, 0x0000000082d00000, 0x0000000082d00000|100%| O|  |TAMS 0x0000000082d00000, 0x0000000082c00000| Untracked 
|  45|0x0000000082d00000, 0x0000000082e00000, 0x0000000082e00000|100%| O|  |TAMS 0x0000000082e00000, 0x0000000082d00000| Untracked 
|  46|0x0000000082e00000, 0x0000000082f00000, 0x0000000082f00000|100%| O|  |TAMS 0x0000000082f00000, 0x0000000082e00000| Untracked 
|  47|0x0000000082f00000, 0x0000000083000000, 0x0000000083000000|100%| O|  |TAMS 0x0000000083000000, 0x0000000082f00000| Untracked 
|  48|0x0000000083000000, 0x0000000083100000, 0x0000000083100000|100%| O|  |TAMS 0x0000000083100000, 0x0000000083000000| Untracked 
|  49|0x0000000083100000, 0x0000000083200000, 0x0000000083200000|100%| O|  |TAMS 0x0000000083200000, 0x0000000083100000| Untracked 
|  50|0x0000000083200000, 0x0000000083300000, 0x0000000083300000|100%| O|  |TAMS 0x0000000083300000, 0x0000000083200000| Untracked 
|  51|0x0000000083300000, 0x0000000083400000, 0x0000000083400000|100%| O|  |TAMS 0x0000000083400000, 0x0000000083300000| Untracked 
|  52|0x0000000083400000, 0x0000000083500000, 0x0000000083500000|100%| O|  |TAMS 0x0000000083500000, 0x0000000083400000| Untracked 
|  53|0x0000000083500000, 0x0000000083600000, 0x0000000083600000|100%| O|  |TAMS 0x0000000083600000, 0x0000000083500000| Untracked 
|  54|0x0000000083600000, 0x0000000083700000, 0x0000000083700000|100%| O|  |TAMS 0x0000000083700000, 0x0000000083600000| Untracked 
|  55|0x0000000083700000, 0x0000000083800000, 0x0000000083800000|100%| O|  |TAMS 0x0000000083800000, 0x0000000083700000| Untracked 
|  56|0x0000000083800000, 0x0000000083900000, 0x0000000083900000|100%| O|  |TAMS 0x0000000083900000, 0x0000000083800000| Untracked 
|  57|0x0000000083900000, 0x0000000083a00000, 0x0000000083a00000|100%| O|  |TAMS 0x0000000083a00000, 0x0000000083900000| Untracked 
|  58|0x0000000083a00000, 0x0000000083b00000, 0x0000000083b00000|100%| O|  |TAMS 0x0000000083b00000, 0x0000000083a00000| Untracked 
|  59|0x0000000083b00000, 0x0000000083c00000, 0x0000000083c00000|100%| O|  |TAMS 0x0000000083c00000, 0x0000000083b00000| Untracked 
|  60|0x0000000083c00000, 0x0000000083d00000, 0x0000000083d00000|100%| O|  |TAMS 0x0000000083d00000, 0x0000000083c00000| Untracked 
|  61|0x0000000083d00000, 0x0000000083e00000, 0x0000000083e00000|100%| O|  |TAMS 0x0000000083e00000, 0x0000000083d00000| Untracked 
|  62|0x0000000083e00000, 0x0000000083f00000, 0x0000000083f00000|100%| O|  |TAMS 0x0000000083f00000, 0x0000000083e00000| Untracked 
|  63|0x0000000083f00000, 0x0000000084000000, 0x0000000084000000|100%| O|  |TAMS 0x0000000084000000, 0x0000000083f00000| Untracked 
|  64|0x0000000084000000, 0x0000000084100000, 0x0000000084100000|100%| O|  |TAMS 0x0000000084100000, 0x0000000084000000| Untracked 
|  65|0x0000000084100000, 0x0000000084200000, 0x0000000084200000|100%| O|  |TAMS 0x0000000084200000, 0x0000000084100000| Untracked 
|  66|0x0000000084200000, 0x0000000084300000, 0x0000000084300000|100%| O|  |TAMS 0x0000000084300000, 0x0000000084200000| Untracked 
|  67|0x0000000084300000, 0x0000000084400000, 0x0000000084400000|100%| O|  |TAMS 0x0000000084400000, 0x0000000084300000| Untracked 
|  68|0x0000000084400000, 0x0000000084500000, 0x0000000084500000|100%| O|  |TAMS 0x0000000084500000, 0x0000000084400000| Untracked 
|  69|0x0000000084500000, 0x0000000084600000, 0x0000000084600000|100%| O|  |TAMS 0x0000000084600000, 0x0000000084500000| Untracked 
|  70|0x0000000084600000, 0x0000000084700000, 0x0000000084700000|100%| O|  |TAMS 0x0000000084700000, 0x0000000084600000| Untracked 
|  71|0x0000000084700000, 0x0000000084800000, 0x0000000084800000|100%| O|  |TAMS 0x0000000084800000, 0x0000000084700000| Untracked 
|  72|0x0000000084800000, 0x0000000084900000, 0x0000000084900000|100%| O|  |TAMS 0x0000000084900000, 0x0000000084800000| Untracked 
|  73|0x0000000084900000, 0x0000000084a00000, 0x0000000084a00000|100%| O|  |TAMS 0x0000000084a00000, 0x0000000084900000| Untracked 
|  74|0x0000000084a00000, 0x0000000084b00000, 0x0000000084b00000|100%| O|  |TAMS 0x0000000084b00000, 0x0000000084a00000| Untracked 
|  75|0x0000000084b00000, 0x0000000084c00000, 0x0000000084c00000|100%| O|  |TAMS 0x0000000084c00000, 0x0000000084b00000| Untracked 
|  76|0x0000000084c00000, 0x0000000084d00000, 0x0000000084d00000|100%| O|  |TAMS 0x0000000084d00000, 0x0000000084c00000| Untracked 
|  77|0x0000000084d00000, 0x0000000084e00000, 0x0000000084e00000|100%| O|  |TAMS 0x0000000084e00000, 0x0000000084d00000| Untracked 
|  78|0x0000000084e00000, 0x0000000084f00000, 0x0000000084f00000|100%| O|  |TAMS 0x0000000084f00000, 0x0000000084e00000| Untracked 
|  79|0x0000000084f00000, 0x0000000085000000, 0x0000000085000000|100%| O|  |TAMS 0x0000000085000000, 0x0000000084f00000| Untracked 
|  80|0x0000000085000000, 0x0000000085100000, 0x0000000085100000|100%| O|  |TAMS 0x0000000085100000, 0x0000000085000000| Untracked 
|  81|0x0000000085100000, 0x0000000085200000, 0x0000000085200000|100%| O|  |TAMS 0x0000000085200000, 0x0000000085100000| Untracked 
|  82|0x0000000085200000, 0x0000000085300000, 0x0000000085300000|100%| O|  |TAMS 0x0000000085300000, 0x0000000085200000| Untracked 
|  83|0x0000000085300000, 0x0000000085400000, 0x0000000085400000|100%| O|  |TAMS 0x0000000085400000, 0x0000000085300000| Untracked 
|  84|0x0000000085400000, 0x0000000085500000, 0x0000000085500000|100%| O|  |TAMS 0x0000000085500000, 0x0000000085400000| Untracked 
|  85|0x0000000085500000, 0x0000000085600000, 0x0000000085600000|100%| O|  |TAMS 0x0000000085600000, 0x0000000085500000| Untracked 
|  86|0x0000000085600000, 0x0000000085700000, 0x0000000085700000|100%| O|  |TAMS 0x0000000085700000, 0x0000000085600000| Untracked 
|  87|0x0000000085700000, 0x0000000085800000, 0x0000000085800000|100%| O|  |TAMS 0x0000000085800000, 0x0000000085700000| Untracked 
|  88|0x0000000085800000, 0x0000000085900000, 0x0000000085900000|100%| O|  |TAMS 0x0000000085900000, 0x0000000085800000| Untracked 
|  89|0x0000000085900000, 0x0000000085a00000, 0x0000000085a00000|100%| O|  |TAMS 0x0000000085a00000, 0x0000000085900000| Untracked 
|  90|0x0000000085a00000, 0x0000000085b00000, 0x0000000085b00000|100%| O|  |TAMS 0x0000000085b00000, 0x0000000085a00000| Untracked 
|  91|0x0000000085b00000, 0x0000000085c00000, 0x0000000085c00000|100%| O|  |TAMS 0x0000000085c00000, 0x0000000085b00000| Untracked 
|  92|0x0000000085c00000, 0x0000000085d00000, 0x0000000085d00000|100%| O|  |TAMS 0x0000000085d00000, 0x0000000085c00000| Untracked 
|  93|0x0000000085d00000, 0x0000000085e00000, 0x0000000085e00000|100%| O|  |TAMS 0x0000000085e00000, 0x0000000085d00000| Untracked 
|  94|0x0000000085e00000, 0x0000000085f00000, 0x0000000085f00000|100%| O|  |TAMS 0x0000000085f00000, 0x0000000085e00000| Untracked 
|  95|0x0000000085f00000, 0x0000000086000000, 0x0000000086000000|100%| O|  |TAMS 0x0000000086000000, 0x0000000085f00000| Untracked 
|  96|0x0000000086000000, 0x0000000086000000, 0x0000000086100000|  0%| F|  |TAMS 0x0000000086000000, 0x0000000086000000| Untracked 
|  97|0x0000000086100000, 0x0000000086100000, 0x0000000086200000|  0%| F|  |TAMS 0x0000000086100000, 0x0000000086100000| Untracked 
|  98|0x0000000086200000, 0x0000000086200000, 0x0000000086300000|  0%| F|  |TAMS 0x0000000086200000, 0x0000000086200000| Untracked 
|  99|0x0000000086300000, 0x0000000086300000, 0x0000000086400000|  0%| F|  |TAMS 0x0000000086300000, 0x0000000086300000| Untracked 
| 100|0x0000000086400000, 0x0000000086500000, 0x0000000086500000|100%| O|  |TAMS 0x0000000086500000, 0x0000000086400000| Untracked 
| 101|0x0000000086500000, 0x0000000086600000, 0x0000000086600000|100%| O|  |TAMS 0x0000000086600000, 0x0000000086500000| Untracked 
| 102|0x0000000086600000, 0x0000000086700000, 0x0000000086700000|100%| O|  |TAMS 0x0000000086700000, 0x0000000086600000| Untracked 
| 103|0x0000000086700000, 0x0000000086800000, 0x0000000086800000|100%| O|  |TAMS 0x0000000086800000, 0x0000000086700000| Untracked 
| 104|0x0000000086800000, 0x0000000086900000, 0x0000000086900000|100%| O|  |TAMS 0x0000000086900000, 0x0000000086800000| Untracked 
| 105|0x0000000086900000, 0x0000000086a00000, 0x0000000086a00000|100%| O|  |TAMS 0x0000000086a00000, 0x0000000086900000| Untracked 
| 106|0x0000000086a00000, 0x0000000086a00000, 0x0000000086b00000|  0%| F|  |TAMS 0x0000000086a00000, 0x0000000086a00000| Untracked 
| 107|0x0000000086b00000, 0x0000000086b00000, 0x0000000086c00000|  0%| F|  |TAMS 0x0000000086b00000, 0x0000000086b00000| Untracked 
| 108|0x0000000086c00000, 0x0000000086c00000, 0x0000000086d00000|  0%| F|  |TAMS 0x0000000086c00000, 0x0000000086c00000| Untracked 
| 109|0x0000000086d00000, 0x0000000086d00000, 0x0000000086e00000|  0%| F|  |TAMS 0x0000000086d00000, 0x0000000086d00000| Untracked 
| 110|0x0000000086e00000, 0x0000000086e00000, 0x0000000086f00000|  0%| F|  |TAMS 0x0000000086e00000, 0x0000000086e00000| Untracked 
| 111|0x0000000086f00000, 0x0000000086f00000, 0x0000000087000000|  0%| F|  |TAMS 0x0000000086f00000, 0x0000000086f00000| Untracked 
| 112|0x0000000087000000, 0x0000000087000000, 0x0000000087100000|  0%| F|  |TAMS 0x0000000087000000, 0x0000000087000000| Untracked 
| 113|0x0000000087100000, 0x0000000087100000, 0x0000000087200000|  0%| F|  |TAMS 0x0000000087100000, 0x0000000087100000| Untracked 
| 114|0x0000000087200000, 0x0000000087200000, 0x0000000087300000|  0%| F|  |TAMS 0x0000000087200000, 0x0000000087200000| Untracked 
| 115|0x0000000087300000, 0x0000000087300000, 0x0000000087400000|  0%| F|  |TAMS 0x0000000087300000, 0x0000000087300000| Untracked 
| 116|0x0000000087400000, 0x0000000087400000, 0x0000000087500000|  0%| F|  |TAMS 0x0000000087400000, 0x0000000087400000| Untracked 
| 117|0x0000000087500000, 0x0000000087500000, 0x0000000087600000|  0%| F|  |TAMS 0x0000000087500000, 0x0000000087500000| Untracked 
| 118|0x0000000087600000, 0x0000000087600000, 0x0000000087700000|  0%| F|  |TAMS 0x0000000087600000, 0x0000000087600000| Untracked 
| 119|0x0000000087700000, 0x0000000087700000, 0x0000000087800000|  0%| F|  |TAMS 0x0000000087700000, 0x0000000087700000| Untracked 
| 120|0x0000000087800000, 0x0000000087800000, 0x0000000087900000|  0%| F|  |TAMS 0x0000000087800000, 0x0000000087800000| Untracked 
| 121|0x0000000087900000, 0x0000000087900000, 0x0000000087a00000|  0%| F|  |TAMS 0x0000000087900000, 0x0000000087900000| Untracked 
| 122|0x0000000087a00000, 0x0000000087a00000, 0x0000000087b00000|  0%| F|  |TAMS 0x0000000087a00000, 0x0000000087a00000| Untracked 
| 123|0x0000000087b00000, 0x0000000087b00000, 0x0000000087c00000|  0%| F|  |TAMS 0x0000000087b00000, 0x0000000087b00000| Untracked 
| 124|0x0000000087c00000, 0x0000000087c00000, 0x0000000087d00000|  0%| F|  |TAMS 0x0000000087c00000, 0x0000000087c00000| Untracked 
| 125|0x0000000087d00000, 0x0000000087d00000, 0x0000000087e00000|  0%| F|  |TAMS 0x0000000087d00000, 0x0000000087d00000| Untracked 
| 126|0x0000000087e00000, 0x0000000087e00000, 0x0000000087f00000|  0%| F|  |TAMS 0x0000000087e00000, 0x0000000087e00000| Untracked 
| 127|0x0000000087f00000, 0x0000000087f00000, 0x0000000088000000|  0%| F|  |TAMS 0x0000000087f00000, 0x0000000087f00000| Untracked 
| 128|0x0000000088000000, 0x0000000088000000, 0x0000000088100000|  0%| F|  |TAMS 0x0000000088000000, 0x0000000088000000| Untracked 
| 129|0x0000000088100000, 0x0000000088100000, 0x0000000088200000|  0%| F|  |TAMS 0x0000000088100000, 0x0000000088100000| Untracked 
| 130|0x0000000088200000, 0x0000000088200000, 0x0000000088300000|  0%| F|  |TAMS 0x0000000088200000, 0x0000000088200000| Untracked 
| 131|0x0000000088300000, 0x0000000088300000, 0x0000000088400000|  0%| F|  |TAMS 0x0000000088300000, 0x0000000088300000| Untracked 
| 132|0x0000000088400000, 0x0000000088400000, 0x0000000088500000|  0%| F|  |TAMS 0x0000000088400000, 0x0000000088400000| Untracked 
| 133|0x0000000088500000, 0x0000000088500000, 0x0000000088600000|  0%| F|  |TAMS 0x0000000088500000, 0x0000000088500000| Untracked 
| 134|0x0000000088600000, 0x0000000088600000, 0x0000000088700000|  0%| F|  |TAMS 0x0000000088600000, 0x0000000088600000| Untracked 
| 135|0x0000000088700000, 0x0000000088700000, 0x0000000088800000|  0%| F|  |TAMS 0x0000000088700000, 0x0000000088700000| Untracked 
| 136|0x0000000088800000, 0x0000000088800000, 0x0000000088900000|  0%| F|  |TAMS 0x0000000088800000, 0x0000000088800000| Untracked 
| 137|0x0000000088900000, 0x0000000088900000, 0x0000000088a00000|  0%| F|  |TAMS 0x0000000088900000, 0x0000000088900000| Untracked 
| 138|0x0000000088a00000, 0x0000000088a00000, 0x0000000088b00000|  0%| F|  |TAMS 0x0000000088a00000, 0x0000000088a00000| Untracked 
| 139|0x0000000088b00000, 0x0000000088b00000, 0x0000000088c00000|  0%| F|  |TAMS 0x0000000088b00000, 0x0000000088b00000| Untracked 
| 140|0x0000000088c00000, 0x0000000088c00000, 0x0000000088d00000|  0%| F|  |TAMS 0x0000000088c00000, 0x0000000088c00000| Untracked 
| 141|0x0000000088d00000, 0x0000000088d00000, 0x0000000088e00000|  0%| F|  |TAMS 0x0000000088d00000, 0x0000000088d00000| Untracked 
| 142|0x0000000088e00000, 0x0000000088e99250, 0x0000000088f00000| 59%| S|CS|TAMS 0x0000000088e00000, 0x0000000088e00000| Complete 
| 143|0x0000000088f00000, 0x0000000089000000, 0x0000000089000000|100%| S|CS|TAMS 0x0000000088f00000, 0x0000000088f00000| Complete 
| 144|0x0000000089000000, 0x0000000089100000, 0x0000000089100000|100%| S|CS|TAMS 0x0000000089000000, 0x0000000089000000| Complete 
| 145|0x0000000089100000, 0x0000000089200000, 0x0000000089200000|100%| S|CS|TAMS 0x0000000089100000, 0x0000000089100000| Complete 
| 146|0x0000000089200000, 0x0000000089300000, 0x0000000089300000|100%| S|CS|TAMS 0x0000000089200000, 0x0000000089200000| Complete 
| 147|0x0000000089300000, 0x0000000089400000, 0x0000000089400000|100%| S|CS|TAMS 0x0000000089300000, 0x0000000089300000| Complete 
| 148|0x0000000089400000, 0x0000000089500000, 0x0000000089500000|100%| S|CS|TAMS 0x0000000089400000, 0x0000000089400000| Complete 
| 149|0x0000000089500000, 0x0000000089600000, 0x0000000089600000|100%| S|CS|TAMS 0x0000000089500000, 0x0000000089500000| Complete 
| 150|0x0000000089600000, 0x0000000089600000, 0x0000000089700000|  0%| F|  |TAMS 0x0000000089600000, 0x0000000089600000| Untracked 
| 151|0x0000000089700000, 0x0000000089700000, 0x0000000089800000|  0%| F|  |TAMS 0x0000000089700000, 0x0000000089700000| Untracked 
| 152|0x0000000089800000, 0x0000000089800000, 0x0000000089900000|  0%| F|  |TAMS 0x0000000089800000, 0x0000000089800000| Untracked 
| 153|0x0000000089900000, 0x0000000089900000, 0x0000000089a00000|  0%| F|  |TAMS 0x0000000089900000, 0x0000000089900000| Untracked 
| 154|0x0000000089a00000, 0x0000000089a00000, 0x0000000089b00000|  0%| F|  |TAMS 0x0000000089a00000, 0x0000000089a00000| Untracked 
| 155|0x0000000089b00000, 0x0000000089b00000, 0x0000000089c00000|  0%| F|  |TAMS 0x0000000089b00000, 0x0000000089b00000| Untracked 
| 156|0x0000000089c00000, 0x0000000089c00000, 0x0000000089d00000|  0%| F|  |TAMS 0x0000000089c00000, 0x0000000089c00000| Untracked 
| 157|0x0000000089d00000, 0x0000000089d00000, 0x0000000089e00000|  0%| F|  |TAMS 0x0000000089d00000, 0x0000000089d00000| Untracked 
| 158|0x0000000089e00000, 0x0000000089e00000, 0x0000000089f00000|  0%| F|  |TAMS 0x0000000089e00000, 0x0000000089e00000| Untracked 
| 159|0x0000000089f00000, 0x0000000089f00000, 0x000000008a000000|  0%| F|  |TAMS 0x0000000089f00000, 0x0000000089f00000| Untracked 
| 160|0x000000008a000000, 0x000000008a000000, 0x000000008a100000|  0%| F|  |TAMS 0x000000008a000000, 0x000000008a000000| Untracked 
| 161|0x000000008a100000, 0x000000008a100000, 0x000000008a200000|  0%| F|  |TAMS 0x000000008a100000, 0x000000008a100000| Untracked 
| 162|0x000000008a200000, 0x000000008a200000, 0x000000008a300000|  0%| F|  |TAMS 0x000000008a200000, 0x000000008a200000| Untracked 
| 163|0x000000008a300000, 0x000000008a300000, 0x000000008a400000|  0%| F|  |TAMS 0x000000008a300000, 0x000000008a300000| Untracked 
| 164|0x000000008a400000, 0x000000008a400000, 0x000000008a500000|  0%| F|  |TAMS 0x000000008a400000, 0x000000008a400000| Untracked 
| 165|0x000000008a500000, 0x000000008a500000, 0x000000008a600000|  0%| F|  |TAMS 0x000000008a500000, 0x000000008a500000| Untracked 
| 166|0x000000008a600000, 0x000000008a600000, 0x000000008a700000|  0%| F|  |TAMS 0x000000008a600000, 0x000000008a600000| Untracked 
| 167|0x000000008a700000, 0x000000008a700000, 0x000000008a800000|  0%| F|  |TAMS 0x000000008a700000, 0x000000008a700000| Untracked 
| 168|0x000000008a800000, 0x000000008a800000, 0x000000008a900000|  0%| F|  |TAMS 0x000000008a800000, 0x000000008a800000| Untracked 
| 169|0x000000008a900000, 0x000000008a900000, 0x000000008aa00000|  0%| F|  |TAMS 0x000000008a900000, 0x000000008a900000| Untracked 
| 170|0x000000008aa00000, 0x000000008aa00000, 0x000000008ab00000|  0%| F|  |TAMS 0x000000008aa00000, 0x000000008aa00000| Untracked 
| 171|0x000000008ab00000, 0x000000008ab00000, 0x000000008ac00000|  0%| F|  |TAMS 0x000000008ab00000, 0x000000008ab00000| Untracked 
| 172|0x000000008ac00000, 0x000000008ac00000, 0x000000008ad00000|  0%| F|  |TAMS 0x000000008ac00000, 0x000000008ac00000| Untracked 
| 173|0x000000008ad00000, 0x000000008ad00000, 0x000000008ae00000|  0%| F|  |TAMS 0x000000008ad00000, 0x000000008ad00000| Untracked 
| 174|0x000000008ae00000, 0x000000008ae00000, 0x000000008af00000|  0%| F|  |TAMS 0x000000008ae00000, 0x000000008ae00000| Untracked 
| 175|0x000000008af00000, 0x000000008af00000, 0x000000008b000000|  0%| F|  |TAMS 0x000000008af00000, 0x000000008af00000| Untracked 
| 176|0x000000008b000000, 0x000000008b049600, 0x000000008b100000| 28%| E|  |TAMS 0x000000008b000000, 0x000000008b000000| Complete 
| 177|0x000000008b100000, 0x000000008b200000, 0x000000008b200000|100%| E|CS|TAMS 0x000000008b100000, 0x000000008b100000| Complete 
| 178|0x000000008b200000, 0x000000008b300000, 0x000000008b300000|100%| E|CS|TAMS 0x000000008b200000, 0x000000008b200000| Complete 
| 179|0x000000008b300000, 0x000000008b400000, 0x000000008b400000|100%| E|CS|TAMS 0x000000008b300000, 0x000000008b300000| Complete 
| 180|0x000000008b400000, 0x000000008b500000, 0x000000008b500000|100%| E|CS|TAMS 0x000000008b400000, 0x000000008b400000| Complete 
| 181|0x000000008b500000, 0x000000008b600000, 0x000000008b600000|100%| E|CS|TAMS 0x000000008b500000, 0x000000008b500000| Complete 
| 182|0x000000008b600000, 0x000000008b700000, 0x000000008b700000|100%| E|CS|TAMS 0x000000008b600000, 0x000000008b600000| Complete 
| 183|0x000000008b700000, 0x000000008b800000, 0x000000008b800000|100%| E|CS|TAMS 0x000000008b700000, 0x000000008b700000| Complete 
| 184|0x000000008b800000, 0x000000008b900000, 0x000000008b900000|100%| E|CS|TAMS 0x000000008b800000, 0x000000008b800000| Complete 
| 185|0x000000008b900000, 0x000000008ba00000, 0x000000008ba00000|100%| E|CS|TAMS 0x000000008b900000, 0x000000008b900000| Complete 
| 186|0x000000008ba00000, 0x000000008bb00000, 0x000000008bb00000|100%| E|CS|TAMS 0x000000008ba00000, 0x000000008ba00000| Complete 
| 187|0x000000008bb00000, 0x000000008bc00000, 0x000000008bc00000|100%| E|CS|TAMS 0x000000008bb00000, 0x000000008bb00000| Complete 
| 188|0x000000008bc00000, 0x000000008bd00000, 0x000000008bd00000|100%| E|CS|TAMS 0x000000008bc00000, 0x000000008bc00000| Complete 
| 189|0x000000008bd00000, 0x000000008be00000, 0x000000008be00000|100%| E|CS|TAMS 0x000000008bd00000, 0x000000008bd00000| Complete 
| 190|0x000000008be00000, 0x000000008bf00000, 0x000000008bf00000|100%| E|CS|TAMS 0x000000008be00000, 0x000000008be00000| Complete 
| 191|0x000000008bf00000, 0x000000008c000000, 0x000000008c000000|100%| E|CS|TAMS 0x000000008bf00000, 0x000000008bf00000| Complete 
| 192|0x000000008c000000, 0x000000008c100000, 0x000000008c100000|100%| E|CS|TAMS 0x000000008c000000, 0x000000008c000000| Complete 
| 193|0x000000008c100000, 0x000000008c200000, 0x000000008c200000|100%| E|CS|TAMS 0x000000008c100000, 0x000000008c100000| Complete 
| 194|0x000000008c200000, 0x000000008c300000, 0x000000008c300000|100%| E|CS|TAMS 0x000000008c200000, 0x000000008c200000| Complete 
| 195|0x000000008c300000, 0x000000008c400000, 0x000000008c400000|100%| E|CS|TAMS 0x000000008c300000, 0x000000008c300000| Complete 
| 196|0x000000008c400000, 0x000000008c500000, 0x000000008c500000|100%| E|CS|TAMS 0x000000008c400000, 0x000000008c400000| Complete 
| 197|0x000000008c500000, 0x000000008c600000, 0x000000008c600000|100%| E|CS|TAMS 0x000000008c500000, 0x000000008c500000| Complete 
| 198|0x000000008c600000, 0x000000008c700000, 0x000000008c700000|100%| E|CS|TAMS 0x000000008c600000, 0x000000008c600000| Complete 
| 199|0x000000008c700000, 0x000000008c800000, 0x000000008c800000|100%| E|CS|TAMS 0x000000008c700000, 0x000000008c700000| Complete 
| 200|0x000000008c800000, 0x000000008c900000, 0x000000008c900000|100%| E|CS|TAMS 0x000000008c800000, 0x000000008c800000| Complete 
| 201|0x000000008c900000, 0x000000008ca00000, 0x000000008ca00000|100%| E|CS|TAMS 0x000000008c900000, 0x000000008c900000| Complete 
| 202|0x000000008ca00000, 0x000000008cb00000, 0x000000008cb00000|100%| E|CS|TAMS 0x000000008ca00000, 0x000000008ca00000| Complete 
| 203|0x000000008cb00000, 0x000000008cc00000, 0x000000008cc00000|100%| E|CS|TAMS 0x000000008cb00000, 0x000000008cb00000| Complete 
| 204|0x000000008cc00000, 0x000000008cd00000, 0x000000008cd00000|100%| E|CS|TAMS 0x000000008cc00000, 0x000000008cc00000| Complete 
| 205|0x000000008cd00000, 0x000000008ce00000, 0x000000008ce00000|100%| E|CS|TAMS 0x000000008cd00000, 0x000000008cd00000| Complete 
| 206|0x000000008ce00000, 0x000000008cf00000, 0x000000008cf00000|100%| E|CS|TAMS 0x000000008ce00000, 0x000000008ce00000| Complete 
| 207|0x000000008cf00000, 0x000000008d000000, 0x000000008d000000|100%| E|CS|TAMS 0x000000008cf00000, 0x000000008cf00000| Complete 
| 208|0x000000008d000000, 0x000000008d100000, 0x000000008d100000|100%| E|CS|TAMS 0x000000008d000000, 0x000000008d000000| Complete 
| 209|0x000000008d100000, 0x000000008d200000, 0x000000008d200000|100%| E|CS|TAMS 0x000000008d100000, 0x000000008d100000| Complete 
| 210|0x000000008d200000, 0x000000008d300000, 0x000000008d300000|100%| E|CS|TAMS 0x000000008d200000, 0x000000008d200000| Complete 
| 211|0x000000008d300000, 0x000000008d400000, 0x000000008d400000|100%| E|CS|TAMS 0x000000008d300000, 0x000000008d300000| Complete 
| 212|0x000000008d400000, 0x000000008d500000, 0x000000008d500000|100%| E|CS|TAMS 0x000000008d400000, 0x000000008d400000| Complete 
| 213|0x000000008d500000, 0x000000008d600000, 0x000000008d600000|100%| E|CS|TAMS 0x000000008d500000, 0x000000008d500000| Complete 
| 214|0x000000008d600000, 0x000000008d700000, 0x000000008d700000|100%| E|CS|TAMS 0x000000008d600000, 0x000000008d600000| Complete 
| 215|0x000000008d700000, 0x000000008d800000, 0x000000008d800000|100%| E|CS|TAMS 0x000000008d700000, 0x000000008d700000| Complete 
| 216|0x000000008d800000, 0x000000008d900000, 0x000000008d900000|100%| E|CS|TAMS 0x000000008d800000, 0x000000008d800000| Complete 
| 217|0x000000008d900000, 0x000000008da00000, 0x000000008da00000|100%| E|CS|TAMS 0x000000008d900000, 0x000000008d900000| Complete 
| 218|0x000000008da00000, 0x000000008db00000, 0x000000008db00000|100%| E|CS|TAMS 0x000000008da00000, 0x000000008da00000| Complete 
| 219|0x000000008db00000, 0x000000008dc00000, 0x000000008dc00000|100%| E|CS|TAMS 0x000000008db00000, 0x000000008db00000| Complete 
| 220|0x000000008dc00000, 0x000000008dd00000, 0x000000008dd00000|100%| E|CS|TAMS 0x000000008dc00000, 0x000000008dc00000| Complete 
| 221|0x000000008dd00000, 0x000000008de00000, 0x000000008de00000|100%| E|CS|TAMS 0x000000008dd00000, 0x000000008dd00000| Complete 

Card table byte_map: [0x0000025dbe2a0000,0x0000025dbe6a0000] _byte_map_base: 0x0000025dbdea0000

Marking Bits (Prev, Next): (CMBitMap*) 0x0000025dab0b3048, (CMBitMap*) 0x0000025dab0b3080
 Prev Bits: [0x0000025dbeaa0000, 0x0000025dc0aa0000)
 Next Bits: [0x0000025dc0aa0000, 0x0000025dc2aa0000)

Polling page: 0x0000025daa850000

Metaspace:

Usage:
  Non-class:     86.28 MB capacity,    84.88 MB ( 98%) used,     1.11 MB (  1%) free+waste,   289.56 KB ( <1%) overhead. 
      Class:     13.22 MB capacity,    12.36 MB ( 93%) used,   753.95 KB (  6%) free+waste,   127.25 KB ( <1%) overhead. 
       Both:     99.50 MB capacity,    97.24 MB ( 98%) used,     1.85 MB (  2%) free+waste,   416.81 KB ( <1%) overhead. 

Virtual space:
  Non-class space:       88.00 MB reserved,      86.48 MB ( 98%) committed 
      Class space:        1.00 GB reserved,      13.32 MB (  1%) committed 
             Both:        1.09 GB reserved,      99.81 MB (  9%) committed 

Chunk freelists:
   Non-Class:  84.00 KB
       Class:  97.00 KB
        Both:  181.00 KB

MaxMetaspaceSize: 17179869184.00 GB
CompressedClassSpaceSize: 1.00 GB

CodeHeap 'non-profiled nmethods': size=120000Kb used=9523Kb max_used=9523Kb free=110476Kb
 bounds [0x0000025db6640000, 0x0000025db6f90000, 0x0000025dbdb70000]
CodeHeap 'profiled nmethods': size=120000Kb used=32431Kb max_used=32431Kb free=87568Kb
 bounds [0x0000025daf110000, 0x0000025db10c0000, 0x0000025db6640000]
CodeHeap 'non-nmethods': size=5760Kb used=2319Kb max_used=2396Kb free=3440Kb
 bounds [0x0000025daeb70000, 0x0000025daede0000, 0x0000025daf110000]
 total_blobs=15509 nmethods=14577 adapters=842
 compilation: enabled
              stopped_count=0, restarted_count=0
 full_count=0

Compilation events (20 events):
Event: 236.987 Thread 0x0000025dc5e90800 nmethod 14650 0x0000025db10a6510 code [0x0000025db10a6700, 0x0000025db10a6b38]
Event: 236.989 Thread 0x0000025dc6668000 nmethod 14625 0x0000025db6f86390 code [0x0000025db6f86620, 0x0000025db6f877b8]
Event: 236.989 Thread 0x0000025dc6668000 14636 %     4       java.security.AccessControlContext::combine @ 104 (205 bytes)
Event: 237.009 Thread 0x0000025dc5e90800 14651       3       org.gradle.api.internal.artifacts.ivyservice.ivyresolve.CachingModuleComponentRepository$LocateInCacheRepositoryAccess::resolveArtifactFromCache (295 bytes)
Event: 237.011 Thread 0x0000025dc6668000 nmethod 14636% 0x0000025db6f88390 code [0x0000025db6f88540, 0x0000025db6f88bf8]
Event: 237.011 Thread 0x0000025dc6668000 14627       4       org.gradle.api.internal.artifacts.ivyservice.resolveengine.graph.builder.NodeState::isSelected (18 bytes)
Event: 237.012 Thread 0x0000025dc6668000 nmethod 14627 0x0000025db6f88f10 code [0x0000025db6f890a0, 0x0000025db6f89138]
Event: 237.012 Thread 0x0000025dc6668000 14626       4       org.gradle.api.internal.attributes.DefaultImmutableAttributes::getAttribute (21 bytes)
Event: 237.014 Thread 0x0000025dc5e90800 nmethod 14651 0x0000025db10a6d10 code [0x0000025db10a7280, 0x0000025db10aa3b8]
Event: 237.014 Thread 0x0000025dc5e90800 14652       3       org.gradle.internal.resources.DefaultResourceLockCoordinationService$1::initialValue (5 bytes)
Event: 237.015 Thread 0x0000025dc5e90800 nmethod 14652 0x0000025db10ab690 code [0x0000025db10ab880, 0x0000025db10abc98]
Event: 237.015 Thread 0x0000025dc5e90800 14653       3       org.gradle.internal.resources.DefaultResourceLockCoordinationService$1::initialValue (4 bytes)
Event: 237.015 Thread 0x0000025dc5e90800 nmethod 14653 0x0000025db10abe10 code [0x0000025db10abfe0, 0x0000025db10ac378]
Event: 237.025 Thread 0x0000025dc6668000 nmethod 14626 0x0000025db6f89210 code [0x0000025db6f893e0, 0x0000025db6f89858]
Event: 237.026 Thread 0x0000025dc6668000 14655       4       java.util.HashSet::<init> (18 bytes)
Event: 237.031 Thread 0x0000025dc6668000 nmethod 14655 0x0000025db6f89c10 code [0x0000025db6f89dc0, 0x0000025db6f8a0b8]
Event: 237.031 Thread 0x0000025dc6668000 14622       4       org.gradle.internal.component.external.model.AbstractLazyModuleComponentResolveMetadata::getModuleVersionId (5 bytes)
Event: 237.032 Thread 0x0000025dc6668000 nmethod 14622 0x0000025db6f8a290 code [0x0000025db6f8a420, 0x0000025db6f8a498]
Event: 237.032 Thread 0x0000025dc6668000 14654       4       org.gradle.internal.resolve.result.DefaultBuildableTypedResolveResult::resolved (11 bytes)
Event: 237.034 Thread 0x0000025dc6668000 nmethod 14654 0x0000025db6f8a510 code [0x0000025db6f8a6a0, 0x0000025db6f8a818]

GC Heap History (20 events):
Event: 12.528 GC heap before
{Heap before GC invocations=16 (full 0):
 garbage-first heap   total 189440K, used 144464K [0x0000000080000000, 0x0000000100000000)
  region size 1024K, 91 young (93184K), 9 survivors (9216K)
 Metaspace       used 71803K, capacity 73304K, committed 73456K, reserved 1114112K
  class space    used 9284K, capacity 9849K, committed 9932K, reserved 1048576K
}
Event: 12.546 GC heap after
{Heap after GC invocations=17 (full 0):
 garbage-first heap   total 189440K, used 66447K [0x0000000080000000, 0x0000000100000000)
  region size 1024K, 12 young (12288K), 12 survivors (12288K)
 Metaspace       used 71803K, capacity 73304K, committed 73456K, reserved 1114112K
  class space    used 9284K, capacity 9849K, committed 9932K, reserved 1048576K
}
Event: 14.830 GC heap before
{Heap before GC invocations=17 (full 0):
 garbage-first heap   total 189440K, used 147343K [0x0000000080000000, 0x0000000100000000)
  region size 1024K, 91 young (93184K), 12 survivors (12288K)
 Metaspace       used 78835K, capacity 80573K, committed 80752K, reserved 1120256K
  class space    used 10273K, capacity 10982K, committed 11084K, reserved 1048576K
}
Event: 14.848 GC heap after
{Heap after GC invocations=18 (full 0):
 garbage-first heap   total 189440K, used 72282K [0x0000000080000000, 0x0000000100000000)
  region size 1024K, 12 young (12288K), 12 survivors (12288K)
 Metaspace       used 78835K, capacity 80573K, committed 80752K, reserved 1120256K
  class space    used 10273K, capacity 10982K, committed 11084K, reserved 1048576K
}
Event: 16.624 GC heap before
{Heap before GC invocations=18 (full 0):
 garbage-first heap   total 189440K, used 149082K [0x0000000080000000, 0x0000000100000000)
  region size 1024K, 87 young (89088K), 12 survivors (12288K)
 Metaspace       used 84482K, capacity 86657K, committed 86768K, reserved 1124352K
  class space    used 11093K, capacity 11934K, committed 11980K, reserved 1048576K
}
Event: 16.645 GC heap after
{Heap after GC invocations=19 (full 0):
 garbage-first heap   total 189440K, used 78418K [0x0000000080000000, 0x0000000100000000)
  region size 1024K, 11 young (11264K), 11 survivors (11264K)
 Metaspace       used 84482K, capacity 86657K, committed 86768K, reserved 1124352K
  class space    used 11093K, capacity 11934K, committed 11980K, reserved 1048576K
}
Event: 17.705 GC heap before
{Heap before GC invocations=19 (full 0):
 garbage-first heap   total 189440K, used 150098K [0x0000000080000000, 0x0000000100000000)
  region size 1024K, 82 young (83968K), 11 survivors (11264K)
 Metaspace       used 85281K, capacity 87488K, committed 87664K, reserved 1124352K
  class space    used 11139K, capacity 12022K, committed 12108K, reserved 1048576K
}
Event: 17.725 GC heap after
{Heap after GC invocations=20 (full 0):
 garbage-first heap   total 189440K, used 84360K [0x0000000080000000, 0x0000000100000000)
  region size 1024K, 7 young (7168K), 7 survivors (7168K)
 Metaspace       used 85281K, capacity 87488K, committed 87664K, reserved 1124352K
  class space    used 11139K, capacity 12022K, committed 12108K, reserved 1048576K
}
Event: 18.773 GC heap before
{Heap before GC invocations=20 (full 0):
 garbage-first heap   total 189440K, used 150920K [0x0000000080000000, 0x0000000100000000)
  region size 1024K, 73 young (74752K), 7 survivors (7168K)
 Metaspace       used 89080K, capacity 91344K, committed 91632K, reserved 1128448K
  class space    used 11571K, capacity 12419K, committed 12492K, reserved 1048576K
}
Event: 18.783 GC heap after
{Heap after GC invocations=21 (full 0):
 garbage-first heap   total 227328K, used 87262K [0x0000000080000000, 0x0000000100000000)
  region size 1024K, 3 young (3072K), 3 survivors (3072K)
 Metaspace       used 89080K, capacity 91344K, committed 91632K, reserved 1128448K
  class space    used 11571K, capacity 12419K, committed 12492K, reserved 1048576K
}
Event: 19.871 GC heap before
{Heap before GC invocations=21 (full 0):
 garbage-first heap   total 227328K, used 173278K [0x0000000080000000, 0x0000000100000000)
  region size 1024K, 88 young (90112K), 3 survivors (3072K)
 Metaspace       used 91574K, capacity 93836K, committed 93936K, reserved 1130496K
  class space    used 11845K, capacity 12725K, committed 12748K, reserved 1048576K
}
Event: 19.889 GC heap after
{Heap after GC invocations=22 (full 0):
 garbage-first heap   total 227328K, used 93159K [0x0000000080000000, 0x0000000100000000)
  region size 1024K, 9 young (9216K), 9 survivors (9216K)
 Metaspace       used 91574K, capacity 93836K, committed 93936K, reserved 1130496K
  class space    used 11845K, capacity 12725K, committed 12748K, reserved 1048576K
}
Event: 23.447 GC heap before
{Heap before GC invocations=22 (full 0):
 garbage-first heap   total 227328K, used 177127K [0x0000000080000000, 0x0000000100000000)
  region size 1024K, 92 young (94208K), 9 survivors (9216K)
 Metaspace       used 93223K, capacity 95576K, committed 95728K, reserved 1132544K
  class space    used 12022K, capacity 12929K, committed 13004K, reserved 1048576K
}
Event: 23.470 GC heap after
{Heap after GC invocations=23 (full 0):
 garbage-first heap   total 227328K, used 101702K [0x0000000080000000, 0x0000000100000000)
  region size 1024K, 10 young (10240K), 10 survivors (10240K)
 Metaspace       used 93223K, capacity 95576K, committed 95728K, reserved 1132544K
  class space    used 12022K, capacity 12929K, committed 13004K, reserved 1048576K
}
Event: 24.939 GC heap before
{Heap before GC invocations=23 (full 0):
 garbage-first heap   total 227328K, used 179526K [0x0000000080000000, 0x0000000100000000)
  region size 1024K, 87 young (89088K), 10 survivors (10240K)
 Metaspace       used 96362K, capacity 98698K, committed 98928K, reserved 1134592K
  class space    used 12397K, capacity 13316K, committed 13388K, reserved 1048576K
}
Event: 24.954 GC heap after
{Heap after GC invocations=24 (full 0):
 garbage-first heap   total 227328K, used 104852K [0x0000000080000000, 0x0000000100000000)
  region size 1024K, 7 young (7168K), 7 survivors (7168K)
 Metaspace       used 96362K, capacity 98698K, committed 98928K, reserved 1134592K
  class space    used 12397K, capacity 13316K, committed 13388K, reserved 1048576K
}
Event: 25.604 GC heap before
{Heap before GC invocations=24 (full 0):
 garbage-first heap   total 227328K, used 130452K [0x0000000080000000, 0x0000000100000000)
  region size 1024K, 30 young (30720K), 7 survivors (7168K)
 Metaspace       used 97876K, capacity 100315K, committed 100464K, reserved 1136640K
  class space    used 12592K, capacity 13560K, committed 13644K, reserved 1048576K
}
Event: 25.615 GC heap after
{Heap after GC invocations=25 (full 0):
 garbage-first heap   total 227328K, used 110414K [0x0000000080000000, 0x0000000100000000)
  region size 1024K, 2 young (2048K), 2 survivors (2048K)
 Metaspace       used 97876K, capacity 100315K, committed 100464K, reserved 1136640K
  class space    used 12592K, capacity 13560K, committed 13644K, reserved 1048576K
}
Event: 65.089 GC heap before
{Heap before GC invocations=26 (full 0):
 garbage-first heap   total 227328K, used 187214K [0x0000000080000000, 0x0000000100000000)
  region size 1024K, 72 young (73728K), 2 survivors (2048K)
 Metaspace       used 99157K, capacity 101427K, committed 101948K, reserved 1138688K
  class space    used 12635K, capacity 13505K, committed 13644K, reserved 1048576K
}
Event: 65.105 GC heap after
{Heap after GC invocations=27 (full 0):
 garbage-first heap   total 227328K, used 112228K [0x0000000080000000, 0x0000000100000000)
  region size 1024K, 8 young (8192K), 8 survivors (8192K)
 Metaspace       used 99157K, capacity 101427K, committed 101948K, reserved 1138688K
  class space    used 12635K, capacity 13505K, committed 13644K, reserved 1048576K
}

Deoptimization events (20 events):
Event: 65.614 Thread 0x0000025dc7e8a000 Uncommon trap: trap_request=0xffffffc6 fr.pc=0x0000025db6aaf388 relative=0x00000000000000c8
Event: 65.614 Thread 0x0000025dc7e8a000 Uncommon trap: reason=bimorphic_or_optimized_type_check action=maybe_recompile pc=0x0000025db6aaf388 method=com.google.common.collect.RegularImmutableMap.checkNoConflictInKeyBucket(Ljava/lang/Object;Ljava/util/Map$Entry;Lcom/google/common/collect/Immutabl
Event: 65.614 Thread 0x0000025dc7e8a000 DEOPT PACKING pc=0x0000025db6aaf388 sp=0x000000a7b42f8fc0
Event: 65.614 Thread 0x0000025dc7e8a000 DEOPT UNPACKING pc=0x0000025daeb965af sp=0x000000a7b42f8f68 mode 2
Event: 65.714 Thread 0x0000025dcf2d6000 Uncommon trap: trap_request=0xffffff4d fr.pc=0x0000025db6905548 relative=0x00000000000003c8
Event: 65.714 Thread 0x0000025dcf2d6000 Uncommon trap: reason=unstable_if action=reinterpret pc=0x0000025db6905548 method=java.util.concurrent.locks.AbstractQueuedSynchronizer.acquire(I)V @ 20 c2
Event: 65.714 Thread 0x0000025dcf2d6000 DEOPT PACKING pc=0x0000025db6905548 sp=0x000000a7bb2ff070
Event: 65.714 Thread 0x0000025dcf2d6000 DEOPT UNPACKING pc=0x0000025daeb965af sp=0x000000a7bb2ff008 mode 2
Event: 66.016 Thread 0x0000025dc6663000 Uncommon trap: trap_request=0xffffff4d fr.pc=0x0000025db6ab4d04 relative=0x00000000000003a4
Event: 66.016 Thread 0x0000025dc6663000 Uncommon trap: reason=unstable_if action=reinterpret pc=0x0000025db6ab4d04 method=com.esotericsoftware.kryo.io.Input.require(I)I @ 180 c2
Event: 66.016 Thread 0x0000025dc6663000 DEOPT PACKING pc=0x0000025db6ab4d04 sp=0x000000a7b24fe9c0
Event: 66.016 Thread 0x0000025dc6663000 DEOPT UNPACKING pc=0x0000025daeb965af sp=0x000000a7b24fe8f8 mode 2
Event: 236.495 Thread 0x0000025dc6664000 Uncommon trap: trap_request=0xffffffc6 fr.pc=0x0000025db6d80f58 relative=0x0000000000000118
Event: 236.495 Thread 0x0000025dc6664000 Uncommon trap: reason=bimorphic_or_optimized_type_check action=maybe_recompile pc=0x0000025db6d80f58 method=java.util.Collections$UnmodifiableList.get(I)Ljava/lang/Object; @ 5 c2
Event: 236.495 Thread 0x0000025dc6664000 DEOPT PACKING pc=0x0000025db6d80f58 sp=0x000000a7b3ffead0
Event: 236.495 Thread 0x0000025dc6664000 DEOPT UNPACKING pc=0x0000025daeb965af sp=0x000000a7b3ffea68 mode 2
Event: 236.662 Thread 0x0000025dc6664000 Uncommon trap: trap_request=0xffffffde fr.pc=0x0000025db6d96d08 relative=0x0000000000000448
Event: 236.662 Thread 0x0000025dc6664000 Uncommon trap: reason=class_check action=maybe_recompile pc=0x0000025db6d96d08 method=org.gradle.cache.internal.LockOnDemandCrossProcessCacheAccess.incrementLockCount()V @ 97 c2
Event: 236.662 Thread 0x0000025dc6664000 DEOPT PACKING pc=0x0000025db6d96d08 sp=0x000000a7b3ff7230
Event: 236.662 Thread 0x0000025dc6664000 DEOPT UNPACKING pc=0x0000025daeb965af sp=0x000000a7b3ff71e0 mode 2

Classes redefined (0 events):
No events

Internal exceptions (20 events):
Event: 25.274 Thread 0x0000025dcf136800 Exception <a 'java/lang/NoSuchMethodError'{0x000000008d200b68}: 'java.lang.Object java.lang.invoke.Invokers$Holder.linkToTargetMethod(java.lang.Object, java.lang.Object, java.lang.Object, java.lang.Object, java.lang.Object, java.lang.Object, int, java.lang.Object)'> (0x000000008d200b68) thrown at [./src/hotspot/share/interpreter/linkResolver.cpp, line 773]
Event: 25.746 Thread 0x0000025dcf136800 Implicit null exception at 0x0000025db67d7deb to 0x0000025db67d7e0c
Event: 25.981 Thread 0x0000025dc7e8a000 Exception <a 'sun/nio/fs/WindowsException'{0x000000008d926788}> (0x000000008d926788) thrown at [./src/hotspot/share/prims/jni.cpp, line 615]
Event: 25.981 Thread 0x0000025dc7e8a000 Exception <a 'sun/nio/fs/WindowsException'{0x000000008d926808}> (0x000000008d926808) thrown at [./src/hotspot/share/prims/jni.cpp, line 615]
Event: 25.982 Thread 0x0000025dc7e8a000 Exception <a 'sun/nio/fs/WindowsException'{0x000000008d9281c0}> (0x000000008d9281c0) thrown at [./src/hotspot/share/prims/jni.cpp, line 615]
Event: 26.118 Thread 0x0000025dc7e8a000 Exception <a 'java/lang/NoSuchMethodError'{0x000000008d787ff0}: 'java.lang.Object java.lang.invoke.DirectMethodHandle$Holder.invokeSpecial(java.lang.Object, java.lang.Object, java.lang.Object, java.lang.Object, int, java.lang.Object, java.lang.Object)'> (0x000000008d787ff0) thrown at [./src/hotspot/share/interpreter/linkResolver.cpp, line 773]
Event: 26.125 Thread 0x0000025dc7e8a000 Exception <a 'java/lang/NoSuchMethodError'{0x000000008d7cd478}: 'int java.lang.invoke.DirectMethodHandle$Holder.invokeVirtual(java.lang.Object, java.lang.Object, java.lang.Object)'> (0x000000008d7cd478) thrown at [./src/hotspot/share/interpreter/linkResolver.cpp, line 773]
Event: 32.263 Thread 0x0000025dc7ca6800 Implicit null exception at 0x0000025db6673777 to 0x0000025db6673c44
Event: 62.225 Thread 0x0000025dc7e8a000 Implicit null exception at 0x0000025db6c40802 to 0x0000025db6c413a4
Event: 62.225 Thread 0x0000025dc7e8a000 Implicit null exception at 0x0000025db6e1f2ed to 0x0000025db6e20a94
Event: 63.335 Thread 0x0000025dc7e8a000 Exception <a 'sun/nio/fs/WindowsException'{0x000000008b9f93f0}> (0x000000008b9f93f0) thrown at [./src/hotspot/share/prims/jni.cpp, line 615]
Event: 64.160 Thread 0x0000025dc7e8a000 Exception <a 'sun/nio/fs/WindowsException'{0x000000008ad67e70}> (0x000000008ad67e70) thrown at [./src/hotspot/share/prims/jni.cpp, line 615]
Event: 64.190 Thread 0x0000025dc7e8a000 Exception <a 'sun/nio/fs/WindowsException'{0x000000008ac04058}> (0x000000008ac04058) thrown at [./src/hotspot/share/prims/jni.cpp, line 615]
Event: 64.190 Thread 0x0000025dc7e8a000 Exception <a 'sun/nio/fs/WindowsException'{0x000000008ac053d0}> (0x000000008ac053d0) thrown at [./src/hotspot/share/prims/jni.cpp, line 615]
Event: 64.191 Thread 0x0000025dc7e8a000 Exception <a 'sun/nio/fs/WindowsException'{0x000000008ac06798}> (0x000000008ac06798) thrown at [./src/hotspot/share/prims/jni.cpp, line 615]
Event: 64.191 Thread 0x0000025dc7e8a000 Exception <a 'sun/nio/fs/WindowsException'{0x000000008ac07b60}> (0x000000008ac07b60) thrown at [./src/hotspot/share/prims/jni.cpp, line 615]
Event: 65.484 Thread 0x0000025dc7e8a000 Implicit null exception at 0x0000025db6cc8d33 to 0x0000025db6ccba4b
Event: 65.718 Thread 0x0000025dc7e8a000 Exception <a 'sun/nio/fs/WindowsException'{0x000000008cb5a1b8}> (0x000000008cb5a1b8) thrown at [./src/hotspot/share/prims/jni.cpp, line 615]
Event: 65.718 Thread 0x0000025dc7e8a000 Exception <a 'sun/nio/fs/WindowsException'{0x000000008cb5a328}> (0x000000008cb5a328) thrown at [./src/hotspot/share/prims/jni.cpp, line 615]
Event: 65.719 Thread 0x0000025dc7e8a000 Exception <a 'sun/nio/fs/WindowsException'{0x000000008cb5bc98}> (0x000000008cb5bc98) thrown at [./src/hotspot/share/prims/jni.cpp, line 615]

Events (20 events):
Event: 236.955 Thread 0x0000025dcf2db800 Thread added: 0x0000025dcf2db800
Event: 236.956 Thread 0x0000025dcf2dc800 Thread added: 0x0000025dcf2dc800
Event: 236.956 Thread 0x0000025dcf2dd000 Thread added: 0x0000025dcf2dd000
Event: 236.956 Thread 0x0000025dcec03000 Thread added: 0x0000025dcec03000
Event: 236.956 Thread 0x0000025dcec06800 Thread added: 0x0000025dcec06800
Event: 236.956 Thread 0x0000025dcec02800 Thread added: 0x0000025dcec02800
Event: 236.957 Thread 0x0000025dcec07000 Thread added: 0x0000025dcec07000
Event: 236.957 Thread 0x0000025dcec09800 Thread added: 0x0000025dcec09800
Event: 236.957 Thread 0x0000025dcec09000 Thread added: 0x0000025dcec09000
Event: 236.975 Thread 0x0000025dcec08000 Thread added: 0x0000025dcec08000
Event: 236.975 Executing VM operation: RevokeBias
Event: 236.983 Executing VM operation: RevokeBias done
Event: 236.984 Thread 0x0000025dcec04000 Thread added: 0x0000025dcec04000
Event: 236.984 Thread 0x0000025dcec05800 Thread added: 0x0000025dcec05800
Event: 236.984 Thread 0x0000025dcec04800 Thread added: 0x0000025dcec04800
Event: 236.984 Thread 0x0000025dcec0d800 Thread added: 0x0000025dcec0d800
Event: 236.985 Thread 0x0000025dcec0e800 Thread added: 0x0000025dcec0e800
Event: 236.985 Thread 0x0000025dcec10000 Thread added: 0x0000025dcec10000
Event: 236.985 Thread 0x0000025dcec0f800 Thread added: 0x0000025dcec0f800
Event: 236.985 Thread 0x0000025dcec0a800 Thread added: 0x0000025dcec0a800


Dynamic libraries:
0x00007ff64ac00000 - 0x00007ff64ac0a000 	C:\Program Files\Android\Android Studio\jre\bin\java.exe
0x00007ff9d0590000 - 0x00007ff9d0785000 	C:\WINDOWS\SYSTEM32\ntdll.dll
0x00007ff9ac700000 - 0x00007ff9ac716000 	C:\Program Files\Avast Software\Avast\aswhook.dll
0x00007ff9cfe00000 - 0x00007ff9cfebe000 	C:\WINDOWS\System32\KERNEL32.DLL
0x00007ff9cddd0000 - 0x00007ff9ce098000 	C:\WINDOWS\System32\KERNELBASE.dll
0x00007ff9ce110000 - 0x00007ff9ce210000 	C:\WINDOWS\System32\ucrtbase.dll
0x00007ff9c11a0000 - 0x00007ff9c11b7000 	C:\Program Files\Android\Android Studio\jre\bin\VCRUNTIME140.dll
0x00007ff9c1180000 - 0x00007ff9c1199000 	C:\Program Files\Android\Android Studio\jre\bin\jli.dll
0x00007ff9ceb90000 - 0x00007ff9ced30000 	C:\WINDOWS\System32\USER32.dll
0x00007ff9b0fa0000 - 0x00007ff9b123a000 	C:\WINDOWS\WinSxS\amd64_microsoft.windows.common-controls_6595b64144ccf1df_6.0.19041.1110_none_60b5254171f9507e\COMCTL32.dll
0x00007ff9cdcb0000 - 0x00007ff9cdcd2000 	C:\WINDOWS\System32\win32u.dll
0x00007ff9cee10000 - 0x00007ff9ceeae000 	C:\WINDOWS\System32\msvcrt.dll
0x00007ff9ceb30000 - 0x00007ff9ceb5a000 	C:\WINDOWS\System32\GDI32.dll
0x00007ff9ce370000 - 0x00007ff9ce47b000 	C:\WINDOWS\System32\gdi32full.dll
0x00007ff9cdd30000 - 0x00007ff9cddcd000 	C:\WINDOWS\System32\msvcp_win.dll
0x00007ff9ceb60000 - 0x00007ff9ceb90000 	C:\WINDOWS\System32\IMM32.DLL
0x00007ff9c1030000 - 0x00007ff9c10cd000 	C:\Program Files\Android\Android Studio\jre\bin\msvcp140.dll
0x00007ff989390000 - 0x00007ff989e65000 	C:\Program Files\Android\Android Studio\jre\bin\server\jvm.dll
0x00007ff9d0240000 - 0x00007ff9d02ee000 	C:\WINDOWS\System32\ADVAPI32.dll
0x00007ff9d0010000 - 0x00007ff9d00ac000 	C:\WINDOWS\System32\sechost.dll
0x00007ff9cf320000 - 0x00007ff9cf445000 	C:\WINDOWS\System32\RPCRT4.dll
0x00007ff9d0230000 - 0x00007ff9d0238000 	C:\WINDOWS\System32\PSAPI.DLL
0x00007ff9bff40000 - 0x00007ff9bff49000 	C:\WINDOWS\SYSTEM32\WSOCK32.dll
0x00007ff9c4c40000 - 0x00007ff9c4c67000 	C:\WINDOWS\SYSTEM32\WINMM.dll
0x00007ff9c8100000 - 0x00007ff9c810a000 	C:\WINDOWS\SYSTEM32\VERSION.dll
0x00007ff9d01c0000 - 0x00007ff9d022b000 	C:\WINDOWS\System32\WS2_32.dll
0x00007ff9cbbd0000 - 0x00007ff9cbbe2000 	C:\WINDOWS\SYSTEM32\kernel.appcore.dll
0x00007ff9bc520000 - 0x00007ff9bc531000 	C:\Program Files\Android\Android Studio\jre\bin\verify.dll
0x00007ff9c4cd0000 - 0x00007ff9c4eb4000 	C:\WINDOWS\SYSTEM32\DBGHELP.DLL
0x00007ff9c4830000 - 0x00007ff9c485c000 	C:\WINDOWS\SYSTEM32\dbgcore.DLL
0x00007ff9ce560000 - 0x00007ff9ce5e2000 	C:\WINDOWS\System32\bcryptPrimitives.dll
0x00007ff9bc4f0000 - 0x00007ff9bc519000 	C:\Program Files\Android\Android Studio\jre\bin\java.dll
0x00007ff9bc4e0000 - 0x00007ff9bc4eb000 	C:\Program Files\Android\Android Studio\jre\bin\jimage.dll
0x00007ff9bc4c0000 - 0x00007ff9bc4d8000 	C:\Program Files\Android\Android Studio\jre\bin\zip.dll
0x00007ff9cf6b0000 - 0x00007ff9cfdf4000 	C:\WINDOWS\System32\SHELL32.dll
0x00007ff9cbdd0000 - 0x00007ff9cc564000 	C:\WINDOWS\SYSTEM32\windows.storage.dll
0x00007ff9ce7d0000 - 0x00007ff9ceb24000 	C:\WINDOWS\System32\combase.dll
0x00007ff9cd720000 - 0x00007ff9cd74c000 	C:\WINDOWS\SYSTEM32\Wldp.dll
0x00007ff9ce5f0000 - 0x00007ff9ce69d000 	C:\WINDOWS\System32\SHCORE.dll
0x00007ff9cfed0000 - 0x00007ff9cff25000 	C:\WINDOWS\System32\shlwapi.dll
0x00007ff9cdbf0000 - 0x00007ff9cdc0f000 	C:\WINDOWS\SYSTEM32\profapi.dll
0x00007ff9bc4a0000 - 0x00007ff9bc4ba000 	C:\Program Files\Android\Android Studio\jre\bin\net.dll
0x00007ff9c1450000 - 0x00007ff9c155a000 	C:\WINDOWS\SYSTEM32\WINHTTP.dll
0x00007ff9cd410000 - 0x00007ff9cd47a000 	C:\WINDOWS\system32\mswsock.dll
0x00007ff9bc480000 - 0x00007ff9bc494000 	C:\Program Files\Android\Android Studio\jre\bin\nio.dll
0x00007ff9c0f60000 - 0x00007ff9c0f87000 	C:\Users\kosol\.gradle\native\e1d6ef7f7dcc3fd88c89a11ec53ec762bb8ba0a96d01ffa2cd45eb1d1d8dd5c5\windows-amd64\native-platform.dll
0x00007ff9b8c20000 - 0x00007ff9b8d64000 	C:\Users\kosol\.gradle\native\5664cfc778a61ccfe75a443a1ab52a65af34e5dc3c78e0209fed803814484fcb\windows-amd64\native-platform-file-events.dll
0x00007ff9c4870000 - 0x00007ff9c487a000 	C:\Program Files\Android\Android Studio\jre\bin\management.dll
0x00007ff9c4860000 - 0x00007ff9c486d000 	C:\Program Files\Android\Android Studio\jre\bin\management_ext.dll
0x00007ff9cd670000 - 0x00007ff9cd688000 	C:\WINDOWS\SYSTEM32\CRYPTSP.dll
0x00007ff9ccd30000 - 0x00007ff9ccd64000 	C:\WINDOWS\system32\rsaenh.dll
0x00007ff9ce530000 - 0x00007ff9ce557000 	C:\WINDOWS\System32\bcrypt.dll
0x00007ff9cdbb0000 - 0x00007ff9cdbde000 	C:\WINDOWS\SYSTEM32\USERENV.dll
0x00007ff9cd690000 - 0x00007ff9cd69c000 	C:\WINDOWS\SYSTEM32\CRYPTBASE.dll
0x00007ff9cd0a0000 - 0x00007ff9cd0db000 	C:\WINDOWS\SYSTEM32\IPHLPAPI.DLL
0x00007ff9cfec0000 - 0x00007ff9cfec8000 	C:\WINDOWS\System32\NSI.dll
0x00007ff9c7de0000 - 0x00007ff9c7df7000 	C:\WINDOWS\SYSTEM32\dhcpcsvc6.DLL
0x00007ff9c7e20000 - 0x00007ff9c7e3d000 	C:\WINDOWS\SYSTEM32\dhcpcsvc.DLL
0x00007ff9cd0e0000 - 0x00007ff9cd1ab000 	C:\WINDOWS\SYSTEM32\DNSAPI.dll
0x00007ff9ae290000 - 0x00007ff9ae2b7000 	C:\Program Files\Android\Android Studio\jre\bin\sunec.dll

dbghelp: loaded successfully - version: 4.0.5 - missing functions: none
symbol engine: initialized successfully - sym options: 0x614 - pdb path: .;C:\Program Files\Android\Android Studio\jre\bin;C:\WINDOWS\SYSTEM32;C:\Program Files\Avast Software\Avast;C:\WINDOWS\WinSxS\amd64_microsoft.windows.common-controls_6595b64144ccf1df_6.0.19041.1110_none_60b5254171f9507e;C:\Program Files\Android\Android Studio\jre\bin\server;C:\Users\kosol\.gradle\native\e1d6ef7f7dcc3fd88c89a11ec53ec762bb8ba0a96d01ffa2cd45eb1d1d8dd5c5\windows-amd64;C:\Users\kosol\.gradle\native\5664cfc778a61ccfe75a443a1ab52a65af34e5dc3c78e0209fed803814484fcb\windows-amd64

VM Arguments:
jvm_args: --add-opens=java.base/java.util=ALL-UNNAMED --add-opens=java.base/java.lang=ALL-UNNAMED --add-opens=java.base/java.lang.invoke=ALL-UNNAMED --add-opens=java.base/java.util=ALL-UNNAMED --add-opens=java.prefs/java.util.prefs=ALL-UNNAMED --add-opens=java.prefs/java.util.prefs=ALL-UNNAMED --add-opens=java.base/java.nio.charset=ALL-UNNAMED --add-opens=java.base/java.net=ALL-UNNAMED --add-opens=java.base/java.util.concurrent.atomic=ALL-UNNAMED -Xmx2048m -Dfile.encoding=UTF-8 -Duser.country=RU -Duser.language=ru -Duser.variant 
java_command: org.gradle.launcher.daemon.bootstrap.GradleDaemon 7.2
java_class_path (initial): C:\Users\kosol\.gradle\wrapper\dists\gradle-7.2-bin\2dnblmf4td7x66yl1d74lt32g\gradle-7.2\lib\gradle-launcher-7.2.jar
Launcher Type: SUN_STANDARD

[Global flags]
     intx CICompilerCount                          = 4                                         {product} {ergonomic}
     uint ConcGCThreads                            = 2                                         {product} {ergonomic}
     uint G1ConcRefinementThreads                  = 8                                         {product} {ergonomic}
   size_t G1HeapRegionSize                         = 1048576                                   {product} {ergonomic}
    uintx GCDrainStackTargetSize                   = 64                                        {product} {ergonomic}
   size_t InitialHeapSize                          = 134217728                                 {product} {ergonomic}
   size_t MarkStackSize                            = 4194304                                   {product} {ergonomic}
   size_t MaxHeapSize                              = 2147483648                                {product} {command line}
   size_t MaxNewSize                               = 1287651328                                {product} {ergonomic}
   size_t MinHeapDeltaBytes                        = 1048576                                   {product} {ergonomic}
    uintx NonNMethodCodeHeapSize                   = 5836300                                {pd product} {ergonomic}
    uintx NonProfiledCodeHeapSize                  = 122910970                              {pd product} {ergonomic}
    uintx ProfiledCodeHeapSize                     = 122910970                              {pd product} {ergonomic}
    uintx ReservedCodeCacheSize                    = 251658240                              {pd product} {ergonomic}
     bool SegmentedCodeCache                       = true                                      {product} {ergonomic}
     bool UseCompressedClassPointers               = true                                 {lp64_product} {ergonomic}
     bool UseCompressedOops                        = true                                 {lp64_product} {ergonomic}
     bool UseG1GC                                  = true                                      {product} {ergonomic}
     bool UseLargePagesIndividualAllocation        = false                                  {pd product} {ergonomic}

Logging:
Log output configuration:
 #0: stdout all=warning uptime,level,tags
 #1: stderr all=off uptime,level,tags

Environment Variables:
PATH=C:\Program Files (x86)\NVIDIA Corporation\PhysX\Common;C:\Program Files\Common Files\Oracle\Java\javapath;C:\Program Files (x86)\Common Files\Oracle\Java\javapath;C:\WINDOWS\system32;C:\WINDOWS;C:\WINDOWS\System32\Wbem;C:\WINDOWS\System32\WindowsPowerShell\v1.0\;C:\WINDOWS\System32\OpenSSH\;C:\Program Files\Git\cmd;C:\Users\kosol\AppData\Local\Microsoft\WindowsApps
USERNAME=kosol
OS=Windows_NT
PROCESSOR_IDENTIFIER=Intel64 Family 6 Model 58 Stepping 9, GenuineIntel



---------------  S Y S T E M  ---------------

OS: Windows 10 , 64 bit Build 19041 (10.0.19041.1645)
OS uptime: 0 days 0:47 hours

CPU:total 8 (initial active 8) (4 cores per cpu, 2 threads per core) family 6 model 58 stepping 9 microcode 0x21, cmov, cx8, fxsr, mmx, sse, sse2, sse3, ssse3, sse4.1, sse4.2, popcnt, avx, aes, clmul, erms, ht, tsc, tscinvbit, tscinv

Memory: 4k page, system-wide physical 8082M (984M free)
TotalPageFile size 8882M (AvailPageFile size 3M)
current process WorkingSet (physical memory assigned to process): 516M, peak: 536M
current process commit charge ("private bytes"): 556M, peak: 574M

vm_info: OpenJDK 64-Bit Server VM (11.0.11+9-b60-7590822) for windows-amd64 JRE (11.0.11+9-b60-7590822), built on Jul 29 2021 21:43:44 by "builder" with MS VC++ 14.0 (VS2015)

END.
